26640.14
46.96
31.85
21.12
67.51
145.40
358.95
65.65
40.89
46.81
27.51
50.27
28.09
22.69
175.01
25.91
58.48
133.00
52.53
57.74
130.18
48.36
38.05
46.97
291.85
137.71
54.32
75.51
69.24
70.82
53.16
57.11
64.50
24.10
21.18
29.92
42.10
35.36
65.68
96.91
39.46
44.31
94.65
36.54
68.40
76.03
46.20
61.53
130.60
36.62
43.85
226.67
169.87
59.97
89.64
54.23
58.14
115.53
50.12
81.67
329.69
35.68
40.12
28.37
57.00
57.56
54.48
45.16
55.39
60.01
27.26
105.26
44.56
53.96
47.72
38.49
58.08
50.37
469.25
56.38
54.17
43.96
40.31
7.83
35.47
44.55
33.36
61.75
39.73
77.68
37.45
236.12
69.80
45.32
62.05
93.77
43.98
142.43
41.58
78.99
