14
20
21
33
34
35
38
39
44
45
50
51
54
55
56
57
62
68
74
75
76
85
86
87
91
92
93
94
95
98
99
111
115
116
117
118
122
123
133
134
135
141
142
143
144
145
146
147
152
158
159
160
161
171
175
176
177
183
184
187
188
200
201
202
205
206
207
208
212
213
214
215
216
217
218
224
225
235
236
244
247
248
249
253
261
267
274
278
287
291
295
296
297
298
301
302
303
304
319
320
323
324
325
326
327
328
332
333
334
338
351
355
362
368
375
376
381
386
387
391
392
393
394
403
404
411
412
415
416
422
423
424
427
436
445
446
447
451
452
453
458
471
472
477
481
484
485
488
496
500
501
507
513
514
526
535
536
537
538
542
543
544
548
553
565
566
567
575
578
583
591
596
603
604
621
622
628
632
633
634
639
648
655
656
667
668
674
675
685
686
687
688
694
697
698
703
706
711
712
716
717
721
722
723
724
736
745
746
752
763
766
767
771
775
778
783
784
788
793
799
800
801
802
807
817
831
832
837
842
843
844
847
848
864
865
866
871
872
878
891
892
895
898
904
908
913
916
921
922
925
926
927
931
932
933
943
955
958
963
964
972
973
981
992
998
999
1003
1006
1016
1017
1027
1028
1041
1042
1046
1047
1052
1057
1058
1072
1075
1076
1081
1082
1083
1088
1107
1111
1114
1124
1125
1126
1132
1135
1136
1137
1138
1141
1142
1156
1167
1168
1174
1183
1191
1198
1202
1207
1214
1215
1225
1226
1227
1233
1243
1250
1251
1252
1255
1256
1261
1262
1263
1267
1268
1285
1293
1312
1317
1322
1323
1324
1328
1336
1345
1346
1347
1348
1351
1354
1371
1375
1376
1382
1383
1384
1387
1388
1396
1401
1402
1411
1412
1417
1431
1436
1437
1444
1457
1465
1466
1467
1468
1472
1477
1501
1502
1503
1513
1516
1521
1527
1528
1535
1536
1537
1538
1555
1556
1568
1573
1576
1587
1588
1591
1592
1593
1603
1622
1641
1642
1646
1647
1648
1654
1675
1678
1684
1687
1688
1706
1711
1712
1713
1714
1717
1718
1726
1727
1731
1744
1756
1761
1762
1765
1772
1773
1774
1791
1792
1795
1796
1807
1808
1813
1816
1821
1828
1837
1838
1843
1851
1852
1856
1857
1858
1863
1864
1874
1882
1893
1894
1915
1916
1921
1922
1927
1928
1936
1941
1942
1943
1944
1963
1966
1981
1982
1983
1984
2007
2008
2018
2025
2031
2032
2041
2042
2056
2061
2077
2095
2096
2097
2101
2102
2103
2104
2116
2122
2125
2126
2151
2164
2167
2168
2173
2176
2181
2182
2188
2191
2194
2215
2216
2217
2218
2224
2227
2228
2245
2248
2252
2257
2258
2263
2271
2283
2284
2302
2303
2304
2305
2306
2307
2312
2326
2335
2348
2361
2362
2367
2368
2374
2395
2402
2403
2425
2426
2427
2428
2432
2433
2434
2452
2455
2461
2462
2468
2487
2488
2497
2500
2511
2512
2517
2518
2523
2524
2527
2528
2536
2558
2559
2560
2563
2566
2571
2572
2577
2581
2587
2588
2601
2602
2605
2611
2614
2623
2636
2637
2641
2642
2643
2644
2648
2653
2661
2672
2704
2721
2722
2732
2733
2734
2743
2746
2761
2762
2763
2798
2815
2816
2817
2823
2824
2845
2853
2854
2858
2863
2866
2872
2875
2888
2893
2901
2931
2932
2935
2941
2942
2943
2965
2972
2973
2977
2978
2983
2986
2997
3004
3007
3027
3028
3031
3032
3043
3046
3056
3062
3063
3064
3071
3072
3076
3085
3086
3087
3091
3092
3097
3098
3103
3106
3112
3117
3133
3141
3142
3147
3148
3151
3152
3158
3175
3176
3183
3188
3193
3199
3207
3214
3226
3231
3232
3235
3238
3241
3272
3273
3274
3283
3291
3292
3295
3308
3316
3326
3327
3337
3351
3352
3356
3364
3368
3375
3376
3385
3386
3397
3411
3418
3424
3427
3428
3436
3442
3446
3447
3452
3455
3482
3487
3488
3493
3505
3508
3512
3523
3543
3544
3568
3573
3577
3578
3601
3602
3628
3644
3645
3646
3661
3664
3687
3693
3694
3698
3703
3711
3712
3715
3736
3742
3746
3747
3748
3753
3754
3757
3763
3775
3776
3777
3787
3788
3811
3826
3831
3844
3865
3866
3867
3868
3871
3872
3883
3887
3896
3897
3898
3901
3902
3903
3908
3957
3958
3963
3968
3973
3985
3986
3987
3991
3992
3993
3997
4022
4023
4033
4036
4054
4063
4075
4076
4077
4083
4105
4106
4112
4131
4162
4166
4167
4168
4174
4183
4192
4195
4196
4197
4203
4204
4207
4222
4225
4226
4281
4285
4286
4287
4303
4306
4321
4351
4352
4358
4374
4375
4376
4383
4384
4387
4393
4405
4411
4412
4413
4414
4417
4418
4426
4435
4442
4448
4467
4468
4474
4477
4478
4486
4491
4496
4501
4527
4528
4533
4534
4537
4552
4562
4568
4573
4593
4594
4607
4608
4612
4616
4617
4618
4624
4666
4671
4677
4681
4684
4687
4688
4693
4701
4713
4735
4736
4741
4747
4748
4753
4761
4762
4765
4768
4771
4777
4778
4791
4802
4803
4804
4821
4832
4833
4834
4846
4852
4855
4856
4863
4867
4868
4873
4881
4882
4891
4911
4915
4923
4924
4948
4954
4975
4996
5000
5006
5007
5042
5047
5056
5062
5071
5078
5097
5102
5120
5127
5128
5131
5143
5155
5156
5157
5163
5164
5176
5182
5183
5203
5211
5212
5218
5223
5241
5242
5248
5266
5275
5276
5283
5287
5293
5311
5314
5317
5318
5326
5341
5344
5353
5366
5373
5374
5377
5383
5391
5408
5426
5458
5461
5462
5463
5464
5468
5488
5491
5492
5497
5533
5536
5552
5553
5578
5582
5583
5584
5596
5601
5602
5608
5617
5618
5631
5632
5636
5637
5666
5671
5674
5686
5696
5702
5707
5713
5721
5722
5728
5731
5751
5752
5755
5758
5773
5776
5787
5788
5792
5793
5803
5815
5818
5831
5832
5833
5836
5853
5854
5872
5877
5887
5905
5911
5912
5913
5931
5932
5937
5941
5947
5948
5968
5971
5996
5997
5998
6001
6008
6016
6021
6022
6056
6064
6074
6081
6087
6092
6124
6127
6128
6144
6157
6158
6166
6178
6183
6184
6207
6208
6218
6223
6238
6242
6249
6267
6274
6283
6295
6296
6331
6332
6333
6338
6376
6381
6382
6387
6399
6400
6403
6406
6415
6418
6428
6433
6436
6442
6452
6457
6458
6463
6471
6483
6484
6487
6502
6505
6506
6507
6508
6514
6517
6541
6542
6543
6583
6591
6592
6597
6613
6616
6625
6626
6627
6628
6631
6638
6646
6651
6655
6662
6667
6676
6686
6711
6712
6717
6722
6723
6724
6727
6728
6742
6751
6752
6772
6777
6787
6796
6813
6835
6847
6848
6865
6891
6892
6904
6912
6913
6921
6925
6926
6927
6928
6931
6932
6933
6937
6938
6988
6998
7016
7022
7023
7024
7033
7036
7047
7053
7063
7066
7081
7082
7087
7093
7096
7113
7114
7117
7131
7132
7135
7141
7142
7147
7148
7156
7165
7166
7167
7168
7183
7203
7225
7231
7232
7233
7234
7255
7261
7262
7263
7264
7273
7288
7291
7311
7312
7317
7318
7323
7324
7327
7341
7342
7354
7375
7376
7381
7387
7388
7396
7401
7402
7407
7408
7418
7423
7431
7438
7441
7442
7443
7444
7453
7465
7471
7478
7483
7492
7495
7508
7533
7551
7555
7586
7593
7624
7627
7628
7641
7646
7647
7651
7652
7663
7693
7711
7712
7731
7736
7744
7762
7767
7768
7775
7778
7795
7803
7807
7813
7834
7837
7855
7856
7857
7858
7861
7862
7863
7891
7892
7893
7894
7915
7928
7947
7971
7976
7977
7978
7983
7984
7987
7988
7996
7999
8002
8005
8012
8013
8026
8031
8032
8044
8047
8048
8067
8071
8097
8104
8107
8128
8143
8152
8156
8157
8158
8181
8182
8185
8186
8197
8198
8212
8222
8223
8247
8248
8251
8257
8258
8266
8275
8278
8314
8331
8332
8335
8347
8356
8367
8383
8391
8396
8401
8402
8407
8408
8416
8433
8451
8452
8457
8458
8464
8482
8485
8488
8503
8506
8518
8522
8523
8545
8548
8551
8552
8566
8571
8575
8576
8577
8578
8593
8611
8653
8656
8674
8703
8704
8716
8725
8726
8727
8743
8748
8751
8767
8776
8781
8793
8794
8812
8817
8824
8828
8842
8846
8851
8871
8872
8881
8884
8902
8912
8913
8914
8926
8935
8936
8947
8956
8972
8977
8983
8991
8992
9003
9004
9025
9031
9032
9033
9037
9046
9055
9056
9068
9076
9088
9097
9098
9121
9122
9123
9124
9147
9148
9166
9171
9182
9188
9193
9216
9223
9232
9235
9236
9244
9247
9248
9278
9286
9297
9298
9301
9304
9313
9325
9326
9346
9355
9356
9357
9358
9363
9364
9368
9375
9382
9388
9406
9427
9441
9445
9448
9457
9458
9487
9488
9501
9507
9508
9517
9523
9531
9535
9543
9556
9565
9566
9571
9572
9573
9574
9577
9583
9598
9607
9608
9616
9626
9662
9663
9664
9667
9691
9692
9703
9712
9727
9747
9753
9754
9763
9777
9783
9808
9818
9826
9836
9837
9847
9862
9865
9868
9872
9873
9874
9892
9895
9896
9902
9903
9908
9913
9934
9937
9938
9946
9952
9985
9986
9991
9992
9997
10000
10015
10018
10021
10041
10042
10048
10071
10072
10077
10081
10082
10083
10084
10096
10112
10117
10118
10123
10124
10144
10156
10161
10171
10172
10173
10195
10213
10216
10225
10228
10231
10232
10237
10238
10239
10264
10287
10306
10315
10327
10341
10351
10358
10363
10367
10371
10375
10376
10377
10378
10393
10407
10408
10417
10423
10435
10447
10448
10466
10467
10468
10473
10474
10483
10495
10496
10522
10532
10543
10546
10551
10552
10561
10576
10587
10616
10617
10623
10624
10628
10636
10645
10648
10683
10684
10693
10747
10748
10756
10762
10768
10774
10783
10813
10816
10825
10826
10827
10838
10843
10851
10873
10876
10897
10916
10927
10928
10935
10942
10951
10952
10953
10963
10966
10975
10976
10984
10996
11006
11007
11008
11012
11013
11014
11041
11042
11053
11061
11072
11103
11104
11107
11125
11126
11146
11156
11162
11163
11167
11181
11182
11188
11191
11203
11215
11216
11236
11263
11281
11282
11293
11301
11302
11306
11313
11331
11332
11337
11344
11347
11365
11366
11371
11377
11378
11386
11391
11401
11404
11416
11421
11428
11434
11463
11464
11485
11498
11511
11512
11547
11552
11558
11566
11575
11581
11588
11601
11602
11611
11623
11631
11636
11641
11642
11653
11663
11664
11667
11668
11671
11672
11707
11708
11721
11722
11727
11728
11733
11734
11737
11755
11756
11757
11758
11761
11762
11767
11768
11793
11828
11848
11851
11852
11853
11854
11875
11878
11884
11888
11905
11906
11911
11943
11944
11961
11962
11974
11992
11995
12003
12004
12013
12016
12021
12022
12031
12057
12058
12076
12085
12091
12127
12133
12146
12147
12175
12178
12181
12184
12223
12247
12248
12286
12287
12302
12303
12316
12332
12352
12356
12367
12392
12393
12398
12406
12416
12442
12447
12448
12458
12471
12475
12476
12481
12493
12499
12500
12514
12574
12591
12592
12598
12602
12607
12608
12622
12631
12632
12633
12651
12657
12667
12676
12686
12706
12717
12722
12723
12724
12736
12745
12751
12758
12776
12777
12778
12793
12807
12811
12812
12832
12842
12867
12868
12871
12883
12897
12928
12937
12943
12946
12951
12961
12976
12981
13011
13016
13027
13057
13058
13084
13087
13088
13096
13105
13122
13138
13141
13153
13168
13198
13203
13213
13227
13231
13238
13252
13256
13263
13273
13303
13306
13315
13318
13322
13323
13346
13351
13352
13357
13371
13372
13378
13382
13387
13388
13401
13402
13423
13435
13436
13437
13438
13443
13444
13448
13465
13466
13471
13472
13473
13483
13491
13492
13521
13525
13526
13543
13555
13556
13557
13561
13564
13568
13581
13582
13606
13645
13646
13647
13654
13657
13666
13672
13682
13732
13738
13742
13743
13744
13765
13768
13777
13778
13791
13792
13808
13813
13822
13823
13834
13843
13851
13852
13863
13867
13897
13917
13918
13924
13927
13928
13941
13942
13951
13952
13953
13954
13976
13993
14023
14026
14031
14037
14038
14044
14047
14067
14068
14072
14077
14095
14108
14113
14116
14128
14131
14137
14138
14163
14164
14187
14188
14191
14215
14218
14227
14236
14253
14254
14257
14263
14272
14283
14284
14296
14311
14317
14332
14336
14353
14367
14371
14372
14373
14374
14408
14425
14428
14438
14451
14452
14458
14463
14473
14485
14491
14492
14493
14506
14512
14527
14566
14571
14583
14584
14613
14617
14623
14635
14642
14647
14661
14666
14692
14701
14708
14738
14764
14776
14785
14788
14791
14792
14803
14815
14822
14836
14848
14863
14901
14902
14907
14908
14912
14913
14917
14918
14932
14953
14961
14962
14967
14974
14977
14978
14997
14998
15032
15033
15043
15046
15055
15058
15068
15094
15097
15103
15115
15116
15117
15118
15122
15151
15152
15153
15166
15177
15178
15205
15208
15242
15247
15291
15292
15296
15297
15303
15304
15337
15338
15346
15362
15381
15388
15397
15403
15424
15445
15448
15463
15471
15481
15487
15488
15506
15507
15508
15513
15517
15523
15536
15552
15556
15577
15578
15591
15592
15627
15632
15633
15658
15668
15676
15681
15692
15706
15711
15712
15723
15757
15783
15814
15831
15832
15837
15838
15842
15853
15856
15868
15871
15874
15898
15926
15943
15955
15956
15967
15968
15976
15986
15992
15999
16003
16011
16012
16018
16021
16024
16051
16052
16075
16078
16083
16084
16105
16108
16117
16118
16143
16144
16161
16162
16173
16174
16177
16178
16196
16201
16207
16208
16221
16227
16255
16256
16291
16292
16293
16294
16311
16312
16321
16322
16336
16342
16357
16372
16396
16423
16437
16438
16441
16448
16462
16474
16495
16503
16504
16507
16508
16516
16525
16531
16537
16551
16556
16581
16593
16594
16612
16621
16622
16623
16627
16636
16658
16663
16671
16696
16706
16707
16711
16712
16726
16735
16738
16753
16767
16768
16773
16777
16783
16792
16803
16804
16816
16837
16838
16846
16857
16858
16861
16867
16868
16875
16876
16893
16916
16922
16923
16924
16971
16972
16976
17001
17002
17007
17008
17035
17036
17048
17074
17078
17083
17086
17091
17103
17125
17128
17131
17132
17146
17151
17152
17162
17197
17216
17217
17218
17223
17245
17246
17253
17281
17287
17307
17308
17311
17337
17338
17344
17348
17356
17361
17362
17378
17396
17397
17398
17407
17413
17428
17438
17452
17455
17461
17462
17473
17481
17494
17495
17503
17521
17552
17557
17558
17566
17587
17606
17635
17636
17637
17638
17642
17647
17662
17671
17677
17691
17692
17698
17704
17722
17725
17734
17743
17767
17768
17773
17785
17792
17803
17846
17857
17858
17866
17872
17882
17896
17932
17937
17942
17943
17972
17983
17998
18001
18007
18016
18021
18022
18026
18027
18028
18052
18063
18064
18082
18085
18086
18091
18098
18111
18112
18136
18151
18152
18175
18184
18187
18196
18208
18218
18243
18247
18266
18267
18271
18272
18273
18295
18302
18322
18331
18346
18362
18363
18364
18373
18387
18398
18406
18418
18431
18441
18448
18453
18454
18463
18477
18478
18484
18488
18496
18547
18548
18562
18566
18571
18595
18596
18604
18607
18608
18621
18622
18628
18646
18651
18652
18663
18664
18673
18686
18687
18688
18697
18727
18728
18736
18741
18751
18763
18775
18781
18782
18783
18805
18806
18807
18808
18811
18812
18817
18826
18841
18856
18861
18862
18873
18874
18877
18883
18891
18892
18895
18896
18922
18925
18926
18931
18932
18933
18943
18967
18968
18976
18982
18991
19003
19015
19016
19021
19042
19048
19063
19066
19077
19093
19101
19102
19111
19132
19143
19147
19167
19168
19171
19191
19192
19196
19216
19225
19232
19246
19252
19262
19268
19286
19287
19297
19324
19336
19353
19357
19358
19377
19384
19407
19408
19438
19442
19443
19444
19472
19486
19528
19534
19537
19555
19561
19562
19567
19573
19606
19611
19612
19615
19621
19633
19636
19648
19651
19652
19657
19658
19663
19666
19672
19675
19678
19713
19714
19723
19731
19732
19735
19741
19742
19743
19771
19772
19773
19783
19791
19807
19827
19828
19846
19857
19858
19862
19881
19882
19897
19903
19933
19945
19983
19999
20014
20017
20018
20035
20036
20073
20077
20092
20095
20133
20134
20137
20156
20157
20158
20168
20186
20191
20197
20198
20203
20206
20221
20224
20236
20266
20277
20278
20281
20282
20288
20302
20308
20311
20317
20337
20338
20343
20362
20395
20401
20402
20403
20408
20421
20422
20428
20452
20455
20456
20464
20480
20486
20494
20512
20518
20527
20528
20546
20575
20576
20577
20578
20588
20602
20606
20612
20623
20632
20665
20666
20667
20668
20673
20674
20686
20728
20736
20737
20751
20781
20782
20797
20798
20816
20836
20847
20863
20871
20911
20912
20913
20917
20923
20926
20931
20932
20948
20953
20968
20973
20974
20991
20992
20997
21002
21025
21043
21057
21103
21116
21117
21118
21123
21124
21133
21136
21151
21212
21213
21214
21217
21232
21236
21248
21253
21256
21262
21271
21292
21295
21302
21303
21304
21325
21326
21331
21367
21381
21387
21388
21403
21415
21421
21445
21446
21457
21463
21477
21478
21511
21536
21541
21547
21561
21578
21591
21627
21628
21631
21632
21652
21656
21667
21676
21687
21688
21694
21703
21706
21718
21733
21752
21763
21778
21781
21796
21806
21832
21847
21848
21856
21874
21877
21883
21897
21898
21907
21913
21927
21932
21946
21951
21952
21958
21967
21968
21985
21992
22006
22023
22024
22053
22075
22096
22107
22114
22117
22138
22141
22166
22174
22186
22207
22216
22233
22234
22237
22251
22261
22292
22297
22298
22312
22318
22327
22328
22336
22353
22375
22376
22383
22393
22423
22426
22431
22471
22486
22492
22513
22521
22522
22527
22528
22546
22551
22552
22558
22564
22587
22588
22597
22598
22603
22611
22622
22627
22633
22641
22657
22663
22675
22676
22687
22688
22702
22706
22731
22732
22744
22756
22766
22767
22771
22772
22798
22804
22808
22821
22822
22831
22843
22863
22867
22873
22886
22887
22888
22897
22912
22927
22928
22941
22947
22948
22975
22978
22981
23006
23007
23031
23032
23096
23097
23101
23104
23151
23152
23168
23185
23193
23194
23215
23223
23224
23233
23242
23248
23263
23266
23271
23272
23284
23314
23328
23336
23353
23362
23377
23378
23395
23401
23428
23437
23455
23461
23467
23468
23476
23486
23487
23488
23512
23515
23523
23524
23551
23552
23553
23558
23587
23588
23601
23611
23614
23641
23648
23656
23665
23678
23696
23703
23707
23728
23733
23755
23756
23762
23791
23794
23811
23823
23824
23846
23853
23866
23888
23923
23938
23941
23948
23962
23983
24027
24031
24032
24064
24085
24116
24142
24146
24147
24172
24175
24176
24183
24187
24193
24201
24217
24226
24237
24256
24267
24268
24286
24291
24292
24298
24313
24322
24333
24351
24352
24355
24363
24367
24368
24403
24448
24451
24482
24483
24487
24488
24501
24502
24511
24512
24523
24536
24537
24538
24553
24561
24572
24575
24576
24577
24578
24601
24607
24646
24652
24657
24663
24664
24685
24688
24692
24693
24703
24711
24712
24736
24754
24757
24784
24787
24788
24796
24802
24811
24812
24818
24832
24844
24865
24866
24867
24868
24872
24873
24874
24883
24901
24902
24913
24951
24958
24964
24987
24993
24994
25000
25006
25021
25027
25028
25054
25078
25081
25082
25083
25088
25093
25105
25106
25107
25138
25166
25177
25195
25204
25216
25222
25225
25226
25267
25268
25273
25281
25282
25291
25292
25293
25294
25318
25328
25336
25341
25351
25352
25371
25378
25393
25405
25406
25407
25426
25435
25477
25495
25496
25503
25504
25513
25525
25528
25538
25562
25581
25587
25616
25617
25624
25658
25663
25681
25708
25711
25712
25735
25743
25768
25777
25786
25796
25797
25807
25813
25831
25834
25837
25855
25876
25881
25887
25891
25906
25923
25936
25945
25946
25957
25963
25966
26001
26006
26007
26008
26023
26031
26032
26056
26066
26071
26072
26073
26086
26097
26126
26167
26185
26191
26192
26206
26211
26212
26217
26218
26241
26252
26253
26275
26283
26302
26323
26326
26336
26342
26353
26365
26368
26374
26395
26408
26456
26457
26463
26482
26503
26511
26517
26518
26527
26533
26547
26548
26551
26581
26582
26583
26612
26617
26623
26644
26653
26661
26671
26678
26734
26743
26755
26756
26761
26797
26798
26803
26811
26822
26836
26842
26875
26888
26896
26911
26912
26913
26932
26968
26973
26983
26997
27007
27008
27052
27087
27088
27112
27123
27128
27133
27136
27151
27154
27163
27171
27172
27184
27193
27226
27256
27292
27296
27297
27308
27316
27331
27332
27343
27358
27373
27381
27382
27385
27394
27418
27421
27424
27441
27442
27451
27452
27458
27463
27483
27502
27513
27514
27517
27518
27532
27535
27556
27561
27562
27567
27568
27592
27595
27596
27597
27613
27627
27628
27648
27655
27658
27661
27662
27667
27681
27703
27711
27717
27718
27746
27757
27787
27801
27814
27836
27841
27842
27843
27844
27848
27856
27865
27868
27904
27925
27928
27932
27933
27988
27991
28003
28021
28022
28047
28048
28052
28075
28088
28102
28107
28113
28114
28141
28156
28172
28173
28191
28192
28213
28227
28232
28255
28256
28263
28264
28285
28298
28311
28312
28316
28317
28327
28345
28375
28376
28383
28414
28431
28436
28471
28472
28486
28501
28502
28507
28528
28562
28585
28592
28624
28636
28641
28646
28647
28653
28672
28682
28693
28708
28738
28744
28774
28777
28801
28802
28827
28828
28838
28856
28862
28873
28876
28893
28894
28903
28915
28928
28936
28947
28957
28972
28983
28988
29005
29011
29037
29038
29047
29056
29065
29066
29074
29098
29113
29125
29143
29188
29227
29228
29236
29241
29247
29248
29254
29257
29258
29272
29277
29284
29305
29306
29312
29313
29331
29368
29395
29403
29404
29407
29408
29416
29433
29446
29461
29476
29503
29506
29517
29518
29533
29542
29551
29552
29557
29571
29576
29593
29608
29653
29661
29686
29695
29701
29702
29727
29731
29737
29767
29768
29773
29776
29781
29793
29816
29823
29824
29827
29846
29857
29871
29888
29893
29901
29902
29907
29908
29911
29923
29935
29956
29968
30025
30026
30027
30031
30034
30061
30067
30087
30111
30116
30122
30145
30151
30166
30182
30201
30207
30208
30213
30214
30231
30232
30235
30236
30262
30273
30278
30297
30298
30308
30321
30331
30332
30343
30356
30364
30373
30374
30375
30376
30397
30398
30412
30416
30423
30424
30433
30453
30454
30482
30483
30511
30518
30526
30541
30542
30571
30574
30578
30598
30607
30613
30625
30655
30662
30663
30664
30691
30698
30717
30721
30724
30748
30754
30766
30775
30776
30801
30811
30812
30823
30826
30847
30867
30886
30896
30901
30902
30903
30907
30908
30922
30928
30946
30963
30985
30993
30994
31011
31015
31021
31022
31028
31036
31048
31054
31071
31102
31103
31104
31111
31112
31117
31156
31162
31166
31167
31168
31172
31201
31202
31213
31281
31285
31286
31287
31288
31298
31315
31342
31351
31358
31363
31366
31384
31411
31423
31431
31432
31453
31456
31461
31462
31474
31491
31497
31498
31507
31508
31522
31593
31617
31618
31633
31645
31676
31684
31708
31711
31732
31743
31747
31753
31761
31762
31777
31791
31795
31796
31802
31803
31804
31813
31826
31838
31851
31852
31887
31903
31917
31918
31936
31942
31945
31951
31952
31971
31984
31999
32000
32001
32013
32023
32047
32048
32104
32113
32125
32126
32127
32128
32133
32134
32137
32138
32156
32167
32168
32176
32211
32216
32221
32254
32258
32272
32275
32278
32281
32287
32347
32365
32366
32386
32392
32404
32407
32446
32455
32458
32462
32463
32492
32511
32575
32576
32583
32601
32607
32638
32644
32666
32667
32671
32672
32677
32678
32698
32722
32726
32727
32728
32737
32743
32764
32791
32821
32836
32847
32848
32854
32866
32875
32884
32896
32902
32905
32931
32947
32953
32961
32974
33007
33008
33016
33038
33056
33057
33058
33092
33093
33094
33103
33121
33133
33163
33171
33172
33206
33213
33237
33238
33248
33256
33261
33265
33271
33272
33295
33313
33322
33381
33392
33398
33406
33451
33471
33476
33481
33482
33508
33517
33518
33526
33556
33607
33631
33658
33661
33664
33685
33688
33691
33716
33723
33736
33742
33752
33771
33776
33777
33778
33805
33832
33841
33848
33853
33861
33868
33874
33951
33952
33958
33962
33973
33986
34003
34015
34021
34024
34042
34051
34052
34053
34058
34063
34072
34081
34087
34093
34096
34106
34107
34108
34148
34168
34172
34186
34192
34197
34198
34207
34233
34246
34263
34288
34291
34311
34321
34324
34375
34378
34387
34388
34406
34413
34414
34417
34432
34448
34477
34478
34491
34492
34507
34508
34516
34576
34581
34585
34597
34623
34624
34633
34641
34642
34652
34653
34676
34681
34708
34711
34717
34723
34753
34766
34777
34778
34783
34786
34791
34792
34795
34801
34802
34816
34828
34834
34837
34851
34855
34856
34861
34862
34863
34885
34898
34911
34933
34942
34954
34966
34975
34984
34987
34991
34992
34993
35008
35011
35017
35018
35038
35043
35071
35072
35077
35101
35102
35103
35127
35131
35137
35146
35151
35157
35161
35162
35176
35193
35194
35197
35198
35212
35218
35228
35248
35253
35271
35272
35284
35296
35337
35344
35347
35348
35356
35361
35366
35367
35368
35383
35395
35413
35443
35452
35458
35467
35473
35487
35488
35493
35498
35522
35548
35566
35575
35578
35608
35613
35647
35653
35656
35674
35691
35692
35701
35702
35703
35725
35726
35743
35761
35781
35782
35791
35806
35817
35821
35822
35823
35824
35842
35848
35857
35858
35876
35877
35883
35884
35887
35912
35913
35917
35935
35936
35941
35942
35943
35953
35961
35974
36026
36027
36028
36031
36032
36052
36055
36094
36103
36116
36117
36118
36121
36122
36128
36163
36171
36172
36184
36193
36196
36235
36242
36253
36265
36286
36303
36338
36361
36367
36368
36376
36391
36397
36412
36415
36436
36446
36458
36488
36501
36502
36508
36513
36535
36538
36544
36577
36591
36601
36604
36622
36625
36657
36658
36664
36681
36688
36692
36723
36727
36733
36747
36752
36758
36775
36796
36811
36823
36826
36831
36836
36853
36863
36866
36902
36908
36961
36962
36963
36964
36967
36968
36976
36986
36991
37006
37027
37028
37033
37041
37042
37078
37081
37108
37131
37132
37143
37165
37172
37173
37174
37186
37192
37207
37255
37291
37303
37327
37341
37342
37348
37371
37376
37381
37384
37402
37426
37431
37437
37438
37456
37461
37472
37486
37503
37508
37551
37552
37585
37593
37612
37615
37616
37623
37636
37651
37678
37684
37711
37731
37732
37738
37748
37756
37767
37768
37792
37822
37826
37832
37833
37837
37838
37864
37867
37891
37915
37918
37936
37945
37952
37958
38008
38017
38026
38032
38043
38061
38062
38071
38074
38101
38131
38137
38138
38143
38146
38158
38161
38162
38173
38187
38242
38263
38277
38278
38288
38296
38343
38344
38347
38348
38362
38365
38383
38404
38407
38413
38416
38421
38426
38438
38462
38463
38473
38476
38491
38497
38503
38515
38518
38523
38536
38546
38572
38575
38578
38596
38601
38617
38637
38641
38647
38666
38672
38716
38756
38757
38758
38761
38768
38788
38806
38848
38853
38858
38875
38876
38881
38887
38911
38937
38938
38941
38942
38943
38944
38956
38965
39001
39002
39013
39016
39067
39068
39076
39085
39111
39124
39136
39141
39142
39147
39148
39166
39205
39211
39212
39223
39231
39267
39268
39271
39296
39327
39328
39331
39356
39361
39362
39365
39391
39392
39393
39394
39427
39433
39436
39447
39448
39453
39472
39477
39487
39488
39496
39505
39517
39518
39526
39531
39532
39547
39548
39553
39583
39586
39604
39608
39616
39625
39628
39637
39656
39681
39682
39685
39686
39691
39706
39716
39722
39723
39736
39751
39763
39777
39781
39796
39807
39853
39873
39891
39898
39925
39926
39943
39946
39958
39967
39968
39981
39986
39992
39993
40021
40022
40023
40024
40027
40041
40042
40045
40048
40057
40058
40072
40101
40141
40142
40147
40148
40156
40167
40191
40201
40202
40225
40233
40243
40246
40258
40267
40294
40297
40311
40321
40322
40327
40328
40345
40346
40353
40363
40366
40371
40372
40401
40402
40407
40408
40437
40444
40447
40461
40462
40465
40472
40496
40497
40522
40537
40538
40555
40563
40573
40603
40615
40616
40624
40648
40652
40653
40666
40675
40681
40706
40707
40717
40723
40772
40777
40783
40791
40792
40797
40798
40804
40816
40855
40856
40861
40881
40891
40912
40951
40954
40957
40966
40987
41036
41042
41066
41067
41068
41083
41086
41091
41098
41101
41102
41126
41152
41155
41185
41186
41197
41247
41252
41253
41277
41278
41311
41323
41336
41347
41367
41368
41371
41372
41407
41427
41428
41431
41434
41437
41455
41461
41471
41472
41485
41486
41487
41488
41493
41497
41503
41563
41575
41576
41577
41618
41631
41671
41707
41708
41716
41731
41732
41743
41746
41773
41791
41792
41793
41797
41798
41806
41815
41823
41827
41841
41857
41858
41872
41908
41917
41935
41962
41966
41996
42001
42025
42026
42033
42037
42038
42046
42052
42087
42115
42121
42124
42127
42201
42202
42213
42214
42232
42235
42241
42242
42247
42248
42268
42271
42277
42286
42304
42325
42326
42352
42367
42376
42382
42421
42424
42428
42493
42507
42511
42523
42553
42565
42583
42591
42592
42604
42607
42628
42631
42632
42633
42634
42637
42646
42663
42694
42747
42752
42753
42758
42781
42802
42814
42831
42843
42865
42892
42916
42931
42962
42973
42981
42982
42985
42991
43006
43011
43023
43024
43033
43041
43045
43046
43047
43057
43072
43083
43087
43096
43114
43118
43123
43135
43136
43137
43138
43144
43153
43156
43191
43192
43198
43202
43221
43226
43233
43234
43256
43293
43297
43303
43311
43324
43327
43345
43346
43347
43348
43352
43366
43375
43387
43388
43408
43436
43443
43444
43447
43453
43467
43468
43477
43478
43495
43496
43501
43513
43531
43534
43546
43551
43552
43556
43564
43598
43611
43636
43642
43663
43678
43681
43682
43696
43712
43726
43748
43762
43767
43807
43816
43821
43822
43828
43831
43858
43863
43873
43886
43892
43903
43915
43916
43921
43922
43936
43948
43971
43982
43983
44006
44007
44008
44011
44032
44047
44048
44056
44062
44077
44107
44125
44126
44146
44151
44152
44167
44168
44181
44185
44192
44216
44217
44218
44222
44223
44227
44236
44245
44258
44271
44276
44287
44305
44306
44313
44314
44332
44347
44348
44377
44378
44401
44431
44432
44458
44467
44468
44476
44493
44503
44552
44553
44557
44558
44566
44581
44606
44613
44614
44636
44644
44672
44691
44738
44761
44767
44768
44782
44787
44815
44816
44817
44852
44881
44882
44906
44937
45001
45004
45022
45027
45028
45043
45055
45062
45081
45088
45091
45092
45097
45098
45112
45116
45133
45142
45145
45183
45207
45208
45223
45238
45244
45256
45271
45272
45273
45274
45277
45283
45301
45302
45351
45358
45382
45391
45392
45393
45397
45411
45417
45418
45442
45454
45463
45482
45487
45511
45531
45544
45571
45574
45596
45601
45602
45607
45622
45634
45643
45664
45692
45711
45712
45718
45721
45722
45727
45728
45742
45748
45754
45775
45776
45788
45796
45802
45813
45856
45867
45873
45874
45883
45896
45921
45922
45926
45927
45928
45931
45946
45956
45963
45986
45987
45992
46006
46015
46016
46033
46042
46047
46063
46076
46077
46082
46105
46108
46117
46118
46126
46142
46173
46174
46192
46195
46203
46204
46231
46285
46303
46316
46317
46328
46333
46352
46372
46377
46378
46387
46393
46401
46402
46405
46408
46418
46432
46467
46468
46502
46503
46532
46537
46538
46581
46582
46594
46615
46621
46622
46627
46653
46666
46672
46677
46707
46708
46711
46714
46737
46741
46742
46743
46744
46791
46792
46798
46803
46855
46856
46875
46887
46912
46923
46924
46946
46951
46972
46975
47023
47032
47048
47062
47071
47077
47078
47097
47098
47104
47107
47113
47131
47132
47133
47155
47185
47197
47198
47203
47217
47218
47224
47227
47246
47247
47248
47266
47283
47323
47326
47331
47341
47373
47374
47383
47391
47392
47408
47451
47452
47455
47456
47467
47468
47482
47485
47493
47503
47511
47524
47536
47546
47547
47548
47551
47577
47578
47587
47602
47611
47626
47661
47665
47666
47692
47707
47731
47738
47755
47756
47757
47758
47811
47812
47833
47848
47875
47876
47896
47913
47923
47941
47953
47961
47983
47986
48001
48002
48013
48037
48043
48046
48064
48088
48097
48098
48122
48141
48142
48148
48154
48166
48171
48172
48181
48182
48206
48214
48217
48218
48226
48232
48241
48273
48274
48283
48291
48292
48301
48302
48303
48304
48343
48357
48358
48361
48367
48376
48387
48394
48403
48423
48427
48428
48445
48451
48457
48493
48511
48536
48561
48583
48591
48595
48627
48628
48631
48643
48651
48652
48667
48668
48703
48712
48717
48727
48742
48745
48746
48758
48826
48838
48841
48842
48843
48844
48877
48878
48896
48903
48904
48937
48955
48956
48961
48967
48968
48997
48998
49012
49017
49047
49051
49054
49066
49072
49093
49107
49141
49142
49143
49144
49151
49186
49221
49246
49262
49263
49291
49292
49298
49303
49318
49327
49341
49353
49354
49372
49375
49423
49471
49492
49507
49508
49516
49526
49534
49561
49562
49563
49576
49586
49591
49618
49624
49636
49641
49642
49652
49682
49683
49687
49688
49701
49702
49717
49718
49732
49743
49744
49753
49768
49778
49813
49828
49834
49846
49888
49892
49903
49947
49948
49953
49963
49975
49976
49977
50011
50012
50026
50044
50056
50062
50066
50067
50073
50074
50107
50108
50113
50143
50156
50173
50187
50188
50191
50194
50212
50222
50233
50241
50242
50275
50276
50293
50305
50308
50326
50338
50356
50408
50432
50437
50443
50452
50473
50476
50486
50487
50488
50493
50494
50506
50521
50528
50536
50563
50602
50606
50607
50612
50613
50617
50632
50636
50641
50656
50678
50695
50698
50703
50704
50733
50746
50755
50781
50782
50811
50815
50818
50822
50823
50845
50851
50877
50878
50884
50887
50888
50905
50913
50926
50936
50937
50941
50942
50943
50983
51007
51028
51032
51052
51055
51073
51076
51081
51082
51103
51111
51112
51122
51123
51124
51158
51163
51166
51178
51200
51201
51231
51235
51236
51247
51265
51277
51278
51292
51313
51316
51327
51334
51364
51367
51368
51411
51433
51482
51488
51571
51572
51586
51601
51608
51616
51627
51628
51643
51664
51668
51676
51692
51693
51697
51733
51751
51763
51784
51808
51811
51847
51872
51877
51878
51916
51931
51937
51962
51994
51998
52006
52011
52012
52033
52036
52042
52047
52063
52082
52111
52131
52132
52144
52148
52165
52166
52167
52168
52198
52213
52225
52231
52251
52306
52336
52342
52351
52366
52372
52375
52384
52396
52406
52407
52408
52411
52412
52423
52435
52473
52474
52483
52487
52498
52504
52522
52526
52551
52586
52587
52588
52603
52616
52617
52618
52636
52641
52642
52651
52652
52677
52678
52707
52713
52736
52741
52742
52748
52774
52786
52791
52797
52798
52834
52846
52867
52868
52873
52897
52911
52912
52927
52928
52977
52978
52993
53007
53023
53026
53035
53056
53121
53122
53137
53138
53167
53182
53187
53194
53216
53224
53236
53247
53248
53254
53263
53271
53282
53287
53293
53296
53307
53343
53347
53348
53356
53366
53373
53386
53398
53421
53422
53425
53432
53433
53434
53458
53461
53467
53473
53488
53511
53512
53517
53518
53524
53552
53553
53554
53587
53588
53602
53642
53643
53644
53665
53671
53672
53677
53683
53695
53722
53726
53743
53752
53761
53762
53763
53764
53786
53803
53806
53824
53827
53828
53842
53851
53854
53863
53875
53876
53893
53902
53905
53918
53947
53961
53967
53968
53973
53995
54016
54022
54052
54061
54062
54088
54122
54146
54147
54148
54154
54176
54182
54211
54231
54232
54247
54253
54267
54271
54304
54307
54328
54343
54357
54358
54363
54381
54387
54388
54393
54422
54423
54451
54475
54476
54477
54478
54506
54507
54511
54512
54532
54542
54553
54596
54597
54598
54632
54657
54658
54674
54675
54687
54688
54728
54733
54748
54763
54771
54783
54784
54793
54818
54836
54847
54853
54856
54861
54862
54871
54874
54883
54892
54903
54913
54952
54976
55003
55017
55018
55027
55036
55052
55053
55058
55101
55111
55112
55123
55135
55136
55156
55161
55168
55183
55191
55192
55196
55222
55231
55234
55261
55287
55288
55294
55295
55296
55306
55316
55323
55324
55345
55375
55378
55382
55393
55402
55408
55423
55435
55465
55466
55477
55478
55492
55507
55508
55525
55531
55557
55558
55576
55585
55591
55597
55606
55612
55617
55646
55654
55687
55701
55702
55723
55777
55778
55801
55851
55855
55863
55864
55885
55906
55975
55983
55984
55988
56036
56037
56061
56062
56102
56103
56116
56128
56137
56138
56152
56176
56191
56192
56193
56194
56215
56218
56222
56227
56228
56246
56271
56272
56284
56312
56323
56347
56348
56361
56362
56365
56366
56402
56421
56422
56428
56438
56512
56554
56557
56566
56577
56578
56593
56617
56618
56623
56656
56691
56697
56698
56707
56708
56751
56788
56818
56824
56863
56877
56878
56953
56968
56971
56986
56995
56996
56997
57003
57025
57026
57032
57033
57055
57082
57087
57093
57124
57136
57157
57181
57184
57206
57207
57208
57214
57237
57242
57248
57253
57261
57262
57298
57307
57313
57325
57337
57363
57415
57416
57422
57445
57471
57472
57488
57496
57501
57517
57541
57542
57543
57547
57548
57613
57625
57631
57632
57633
57634
57643
57656
57676
57691
57692
57703
57711
57724
57733
57747
57788
57796
57801
57807
57818
57832
57841
57842
57843
57856
57866
57871
57895
57956
57957
57958
57967
58018
58033
58041
58076
58117
58118
58126
58131
58132
58172
58251
58252
58257
58262
58263
58273
58287
58303
58306
58333
58346
58357
58371
58375
58381
58413
58418
58456
58471
58483
58495
58501
58502
58507
58516
58563
58591
58592
58593
58594
58606
58621
58622
58623
58627
58628
58648
58654
58663
58675
58676
58677
58731
58768
58774
58777
58791
58798
58801
58808
58816
58822
58832
58846
58852
58858
58867
58873
58885
58886
58923
58924
58945
58951
58987
59002
59035
59056
59061
59067
59104
59116
59131
59134
59137
59138
59151
59152
59161
59173
59216
59251
59252
59257
59258
59287
59288
59308
59323
59326
59335
59338
59371
59372
59391
59403
59404
59434
59456
59463
59476
59481
59482
59503
59506
59515
59518
59522
59536
59578
59582
59587
59588
59608
59632
59638
59647
59656
59665
59666
59672
59673
59701
59725
59733
59756
59757
59758
59761
59776
59788
59803
59824
59827
59847
59848
59854
59858
59872
59875
59876
59893
59896
59911
59918
59931
59932
59935
59936
59966
59967
59977
59978
59991
59992
60022
60025
60055
60056
60057
60063
60067
60068
60118
60141
60142
60178
60181
60182
60183
60184
60193
60205
60211
60212
60218
60226
60238
60244
60266
60274
60303
60307
60308
60321
60322
60327
60338
60361
60364
60376
60391
60403
60406
60428
60446
60447
60463
60471
60481
60482
60483
60484
60487
60505
60506
60517
60518
60523
60541
60547
60548
60583
60586
60595
60596
60613
60625
60682
60691
60692
60693
60712
60747
60748
60751
60777
60782
60796
60805
60806
60823
60831
60832
60847
60848
60856
60861
60862
60867
60967
60968
60981
60982
60985
60991
60992
60993
61023
61024
61033
61036
61058
61076
61077
61078
61106
61107
61108
61111
61117
61118
61135
61136
61147
61156
61167
61186
61192
61195
61196
61227
61228
61262
61273
61276
61315
61316
61322
61323
61327
61328
61351
61384
61393
61396
61405
61406
61436
61443
61444
61447
61448
61453
61496
61504
61513
61526
61527
61528
61531
61562
61563
61591
61615
61618
61647
61648
61652
61678
61696
61708
61735
61738
61741
61762
61771
61783
61792
61807
61816
61821
61822
61867
61873
61881
61882
61888
61891
61942
61951
61954
61972
61988
62023
62026
62043
62044
62065
62077
62078
62107
62157
62158
62161
62162
62163
62164
62182
62203
62208
62241
62242
62246
62276
62277
62312
62317
62318
62332
62343
62353
62365
62366
62367
62368
62386
62427
62428
62431
62437
62461
62512
62515
62518
62527
62536
62541
62554
62571
62572
62575
62584
62587
62613
62631
62637
62641
62668
62671
62703
62704
62716
62728
62758
62767
62782
62786
62793
62847
62848
62863
62911
62947
62948
62956
62962
62977
63025
63032
63033
63043
63061
63064
63068
63082
63091
63092
63093
63094
63136
63151
63152
63163
63187
63201
63202
63207
63208
63235
63253
63256
63267
63268
63286
63292
63351
63368
63373
63416
63423
63445
63446
63471
63488
63507
63508
63523
63537
63556
63592
63604
63633
63652
63676
63694
63746
63747
63748
63775
63807
63814
63871
63883
63892
63904
63925
63926
63943
63946
63961
63967
63968
63981
63982
64003
64016
64017
64027
64048
64057
64072
64087
64088
64096
64102
64111
64114
64117
64126
64131
64132
64136
64137
64138
64177
64178
64198
64228
64243
64256
64267
64286
64291
64312
64348
64363
64366
64387
64411
64423
64426
64431
64443
64444
64465
64471
64472
64473
64474
64501
64502
64507
64508
64516
64522
64551
64555
64556
64563
64593
64594
64597
64606
64618
64642
64648
64681
64682
64696
64705
64706
64711
64726
64731
64732
64737
64738
64741
64761
64772
64802
64807
64825
64826
64831
64832
64846
64858
64863
64864
64867
64881
64912
64915
64916
64933
64957
64981
64982
64983
64993
65005
65014
65023
65061
65068
65125
65137
65138
65152
65158
65176
65206
65215
65216
65217
65218
65222
65242
65248
65276
65332
65367
65368
65374
65386
65396
65425
65431
65443
65451
65476
65488
65522
65523
65524
65528
65566
65577
65602
65605
65643
65662
65668
65671
65672
65678
65683
65732
65737
65752
65767
65787
65791
65803
65811
65821
65833
65863
65882
65907
65908
65914
65938
65947
65971
65972
65973
65997
65998
66016
66031
66058
66073
66076
66097
66111
66112
66116
66127
66141
66145
66151
66152
66166
66181
66187
66188
66211
66223
66226
66237
66244
66268
66295
66298
66321
66322
66327
66328
66397
66398
66406
66421
66427
66475
66476
66487
66496
66511
66512
66536
66544
66574
66577
66578
66602
66603
66622
66631
66634
66655
66658
66662
66685
66686
66687
66688
66691
66694
66698
66706
66718
66753
66771
66772
66811
66812
66817
66818
66823
66826
66831
66848
66904
66916
66921
66985
66986
66987
66988
67006
67036
67051
67058
67093
67096
67111
67112
67126
67147
67148
67162
67173
67174
67225
67226
67227
67237
67243
67258
67282
67291
67292
67293
67315
67323
67324
67327
67328
67351
67357
67358
67372
67383
67384
67406
67441
67442
67448
67471
67501
67502
67503
67513
67516
67532
67533
67543
67552
67581
67582
67593
67603
67615
67621
67622
67653
67657
67663
67684
67687
67701
67702
67707
67712
67713
67747
67786
67822
67856
67861
67862
67888
67903
67916
67922
67923
67972
68007
68008
68031
68032
68037
68038
68047
68048
68062
68065
68066
68077
68083
68107
68121
68122
68127
68128
68131
68143
68163
68164
68167
68176
68188
68192
68216
68245
68246
68253
68257
68282
68293
68296
68307
68308
68317
68318
68336
68344
68368
68383
68395
68416
68421
68422
68426
68427
68428
68433
68434
68461
68462
68467
68503
68512
68518
68533
68545
68548
68576
68583
68602
68605
68623
68626
68644
68647
68653
68702
68721
68722
68751
68752
68755
68762
68763
68806
68811
68827
68828
68836
68841
68842
68857
68872
68877
68923
68938
68941
68956
68983
68998
69016
69021
69022
69032
69038
69086
69097
69128
69171
69175
69176
69177
69181
69182
69205
69213
69226
69261
69268
69283
69297
69298
69301
69307
69346
69351
69352
69358
69364
69373
69385
69392
69415
69416
69424
69436
69448
69477
69507
69511
69514
69517
69518
69526
69532
69543
69547
69562
69567
69568
69571
69583
69591
69603
69604
69613
69631
69632
69637
69655
69668
69681
69682
69703
69724
69727
69742
69752
69753
69772
69793
69807
69837
69868
69878
69883
69907
69922
69925
69932
69952
69956
69961
69962
69963
69983
69984
70016
70024
70036
70045
70054
70075
70087
70101
70102
70106
70137
70144
70165
70197
70255
70258
70276
70282
70291
70292
70303
70306
70318
70341
70352
70387
70402
70435
70442
70453
70491
70492
70513
70534
70543
70552
70558
70561
70568
70591
70592
70624
70636
70646
70647
70676
70677
70688
70696
70711
70712
70723
70726
70732
70767
70786
70801
70802
70813
70816
70827
70837
70887
70893
70897
70898
70903
70911
70947
70987
70988
71013
71017
71041
71053
71056
71061
71062
71066
71074
71086
71131
71156
71163
71182
71206
71215
71227
71228
71296
71311
71342
71403
71404
71407
71431
71432
71457
71458
71464
71493
71506
71523
71524
71541
71542
71605
71606
71607
71608
71611
71618
71635
71636
71661
71677
71678
71683
71696
71701
71704
71716
71726
71727
71728
71737
71738
71751
71752
71758
71767
71793
71845
71846
71871
71872
71901
71902
71923
71926
71935
71936
71937
71956
72021
72022
72034
72055
72056
72087
72112
72121
72133
72146
72171
72187
72193
72208
72213
72217
72231
72235
72244
72256
72262
72272
72273
72301
72304
72308
72321
72322
72327
72328
72343
72373
72388
72391
72418
72433
72448
72472
72476
72507
72508
72531
72536
72537
72538
72543
72553
72571
72586
72595
72598
72607
72608
72637
72676
72682
72685
72686
72724
72728
72736
72745
72752
72783
72784
72832
72843
72872
72913
72961
72986
72991
73003
73011
73027
73053
73057
73076
73081
73088
73096
73102
73118
73147
73156
73165
73166
73173
73174
73183
73197
73198
73204
73207
73213
73251
73256
73257
73273
73285
73288
73306
73316
73328
73342
73375
73393
73411
73412
73418
73426
73442
73447
73448
73467
73468
73495
73496
73497
73498
73503
73551
73558
73581
73585
73591
73603
73641
73648
73652
73663
73713
73728
73732
73741
73753
73768
73791
73792
73798
73816
73825
73837
73855
73861
73888
73893
73894
73912
73924
73936
73946
73957
73971
73984
73993
74006
74012
74038
74056
74068
74078
74083
74091
74097
74113
74122
74155
74173
74191
74212
74215
74223
74224
74233
74246
74247
74248
74263
74288
74331
74341
74342
74343
74344
74371
74378
74397
74401
74416
74431
74434
74446
74467
74485
74512
74548
74552
74553
74583
74614
74618
74626
74641
74644
74656
74673
74677
74695
74721
74722
74737
74743
74751
74757
74768
74791
74818
74845
74848
74852
74863
74875
74881
74911
74912
74926
74966
74967
74968
74977
74978
75001
75007
75058
75073
75076
75091
75092
75093
75097
75098
75103
75121
75127
75136
75142
75157
75171
75172
75176
75177
75178
75232
75247
75248
75265
75266
75271
75286
75303
75304
75351
75356
75381
75385
75397
75433
75448
75475
75493
75496
75512
75535
75566
75567
75568
75598
75622
75625
75626
75643
75661
75667
75687
75694
75727
75728
75736
75741
75758
75778
75783
75871
75892
75901
75902
75903
75916
75925
75926
75927
75928
75934
75976
75986
75994
76016
76021
76022
76036
76051
76063
76087
76093
76148
76165
76168
76192
76203
76204
76225
76226
76237
76276
76297
76312
76315
76316
76351
76354
76393
76407
76408
76438
76477
76522
76528
76546
76564
76573
76576
76591
76598
76623
76624
76633
76642
76654
76688
76723
76731
76742
76767
76783
76786
76807
76808
76827
76832
76851
76852
76861
76862
76863
76864
76876
76897
76898
76903
76917
76927
76928
76951
76996
77001
77008
77031
77036
77067
77071
77086
77113
77122
77134
77138
77143
77151
77156
77192
77206
77218
77222
77257
77276
77277
77288
77296
77302
77305
77312
77332
77353
77386
77397
77398
77413
77422
77457
77458
77473
77497
77523
77533
77536
77547
77566
77581
77606
77618
77632
77642
77666
77667
77668
77677
77683
77708
77732
77733
77752
77767
77768
77788
77806
77823
77827
77828
77833
77841
77845
77851
77852
77887
77905
77906
77907
77908
77911
77917
77941
77942
77943
77953
77991
77992
78003
78004
78037
78046
78082
78086
78093
78094
78112
78123
78151
78158
78205
78211
78214
78226
78235
78236
78237
78238
78247
78248
78271
78296
78304
78313
78321
78326
78327
78331
78332
78361
78362
78381
78382
78388
78397
78412
78417
78418
78423
78424
78433
78448
78457
78458
78481
78482
78502
78543
78586
78601
78608
78626
78632
78633
78634
78655
78664
78681
78685
78688
78703
78711
78718
78723
78731
78732
78733
78742
78745
78746
78747
78748
78783
78788
78817
78835
78871
78878
78907
78922
78927
78943
78955
78997
79003
79006
79011
79012
79017
79018
79021
79036
79041
79081
79108
79126
79136
79137
79161
79168
79171
79207
79213
79216
79246
79251
79252
79262
79263
79276
79311
79312
79342
79363
79371
79384
79405
79437
79444
79447
79466
79467
79468
79471
79503
79504
79522
79528
79538
79564
79567
79582
79615
79616
79641
79642
79675
79681
79682
79707
79726
79738
79747
79748
79753
79766
79773
79774
79783
79791
79792
79795
79802
79852
79858
79941
79957
79963
79983
80000
80026
80043
80048
80056
80061
80062
80074
80078
80083
80096
80116
80125
80128
80143
80186
80187
80203
80257
80284
80296
80302
80305
80306
80335
80356
80377
80383
80403
80425
80452
80461
80462
80467
80468
80515
80516
80551
80554
80572
80578
80587
80588
80623
80632
80643
80644
80672
80708
80721
80722
80743
80767
80791
80853
80857
80858
80866
80875
80876
80887
80918
80942
80943
80944
80965
80973
80986
80991
80998
81058
81061
81062
81063
81085
81112
81117
81127
81128
81148
81151
81154
81166
81182
81187
81193
81208
81217
81218
81231
81247
81253
81271
81272
81273
81274
81296
81308
81364
81376
81386
81387
81391
81397
81412
81418
81427
81428
81448
81475
81478
81502
81541
81572
81573
81583
81595
81601
81602
81607
81616
81625
81632
81643
81658
81682
81694
81712
81723
81728
81733
81758
81763
81766
81793
81805
81823
81856
81877
81897
81904
81907
81916
81946
81976
81986
82027
82033
82048
82078
82083
82084
82101
82111
82132
82135
82168
82196
82226
82233
82234
82252
82281
82282
82303
82311
82321
82322
82357
82358
82366
82371
82377
82378
82402
82405
82408
82426
82441
82442
82443
82447
82448
82453
82461
82465
82513
82525
82526
82527
82538
82556
82597
82623
82624
82647
82648
82652
82663
82666
82672
82681
82682
82696
82701
82702
82735
82743
82771
82816
82825
82826
82827
82828
82864
82867
82876
82906
82933
82951
82957
82958
82975
82987
82988
83014
83035
83038
83041
83042
83086
83091
83098
83128
83151
83152
83155
83158
83191
83217
83228
83241
83253
83254
83263
83301
83302
83318
83337
83362
83373
83392
83396
83427
83428
83455
83464
83473
83488
83491
83492
83515
83518
83541
83542
83547
83553
83587
83611
83623
83626
83632
83647
83648
83671
83672
83683
83686
83702
83703
83704
83728
83756
83757
83788
83794
83806
83815
83821
83822
83836
83851
83871
83882
83893
83906
83917
83991
83998
84003
84025
84033
84034
84037
84043
84068
84076
84086
84092
84103
84124
84141
84145
84166
84232
84243
84256
84261
84267
84268
84277
84338
84352
84355
84358
84361
84367
84368
84373
84374
84393
84394
84403
84415
84427
84445
84453
84472
84478
84496
84514
84543
84556
84562
84571
84572
84586
84598
84613
84627
84646
84661
84676
84698
84703
84715
84716
84717
84748
84757
84763
84771
84772
84775
84781
84806
84807
84814
84817
84848
84866
84883
84886
84901
84904
84907
84921
84922
84926
84927
84933
84934
84943
84982
84988
84997
85047
85066
85111
85131
85138
85141
85153
85167
85168
85177
85178
85207
85208
85256
85264
85276
85282
85286
85291
85292
85298
85327
85366
85378
85387
85388
85401
85402
85417
85418
85471
85472
85473
85495
85496
85501
85507
85508
85528
85534
85551
85552
85563
85573
85585
85588
85603
85615
85641
85663
85672
85676
85677
85678
85681
85682
85687
85688
85718
85726
85783
85797
85801
85856
85857
85858
85863
85867
85873
85886
85906
85912
85922
85923
85947
85948
85957
85958
85971
85972
85978
85983
85996
86006
86023
86038
86047
86048
86091
86092
86101
86102
86133
86167
86168
86186
86191
86227
86236
86251
86252
86266
86276
86302
86308
86312
86347
86367
86377
86378
86383
86392
86401
86446
86451
86473
86511
86521
86528
86542
86566
86588
86607
86608
86623
86637
86638
86641
86642
86643
86647
86656
86661
86662
86703
86704
86731
86776
86781
86794
86798
86803
86806
86872
86881
86882
86896
86902
86908
86914
86935
86936
86947
86948
86956
86998
87004
87007
87027
87028
87063
87067
87068
87081
87085
87088
87092
87111
87112
87127
87154
87157
87182
87183
87196
87214
87217
87271
87272
87301
87302
87355
87391
87392
87436
87441
87484
87487
87488
87496
87518
87536
87562
87572
87573
87577
87592
87601
87602
87616
87663
87706
87712
87727
87728
87733
87748
87772
87777
87778
87781
87807
87808
87826
87831
87844
87865
87871
87895
87902
87907
87908
87921
87922
87925
87937
87938
87946
87967
87981
87982
87993
87994
88012
88016
88041
88042
88047
88048
88051
88057
88063
88081
88082
88096
88118
88123
88141
88147
88148
88156
88174
88201
88202
88203
88216
88267
88268
88291
88303
88316
88317
88342
88357
88358
88371
88372
88405
88414
88432
88441
88447
88448
88456
88496
88497
88525
88531
88532
88533
88534
88551
88552
88567
88576
88611
88612
88636
88684
88696
88701
88702
88713
88742
88743
88744
88761
88762
88777
88804
88831
88832
88833
88898
88915
88966
88981
88982
88988
89007
89013
89035
89038
89047
89048
89073
89092
89098
89108
89126
89163
89167
89168
89173
89191
89248
89282
89287
89288
89296
89314
89343
89366
89367
89372
89373
89383
89401
89422
89455
89456
89457
89467
89468
89482
89524
89536
89541
89542
89545
89553
89554
89575
89587
89588
89593
89617
89618
89636
89637
89686
89695
89701
89702
89703
89728
89731
89757
89763
89773
89785
89786
89787
89854
89875
89876
89877
89878
89887
89905
89911
89926
89932
89941
89944
89966
89967
89968
90043
90087
90112
90175
90176
90208
90223
90253
90256
90261
90267
90268
90273
90283
90291
90292
90295
90322
90351
90357
90361
90367
90368
90416
90448
90451
90466
90476
90483
90484
90487
90493
90543
90548
90556
90561
90562
90568
90571
90577
90586
90603
90604
90632
90633
90634
90637
90638
90655
90673
90715
90721
90722
90751
90777
90778
90806
90807
90808
90836
90853
90868
90877
90878
90883
90927
90928
90952
90955
90956
90961
90962
90963
90982
90994
91003
91006
91023
91063
91066
91071
91072
91075
91087
91108
91114
91144
91173
91177
91197
91231
91261
91267
91268
91281
91318
91327
91345
91346
91435
91444
91472
91473
91474
91483
91501
91502
91507
91526
91534
91543
91551
91557
91558
91592
91603
91627
91628
91633
91642
91645
91648
91666
91681
91705
91726
91736
91737
91738
91747
91768
91774
91786
91843
91852
91855
91888
91891
91892
91897
91898
91906
91911
91912
91918
91928
91972
91983
91984
92011
92012
92023
92031
92067
92068
92096
92097
92101
92108
92116
92121
92122
92128
92146
92151
92164
92181
92186
92197
92215
92266
92281
92284
92305
92341
92342
92374
92408
92416
92437
92438
92457
92464
92522
92523
92524
92527
92558
92572
92601
92602
92607
92608
92613
92614
92632
92653
92691
92695
92704
92743
92776
92797
92811
92812
92816
92822
92878
92881
92902
92908
92912
92913
92914
92935
92953
92968
92977
92978
92997
92998
93007
93013
93056
93087
93098
93116
93117
93136
93163
93172
93188
93231
93237
93243
93277
93298
93311
93325
93343
93355
93358
93361
93362
93373
93416
93446
93447
93453
93454
93475
93476
93501
93511
93538
93542
93591
93592
93595
93608
93616
93622
93657
93658
93661
93662
93663
93667
93668
93706
93711
93712
93733
93736
93776
93777
93778
93801
93802
93823
93838
93847
93865
93943
93952
93985
93986
93987
94036
94081
94096
94102
94113
94123
94147
94156
94173
94174
94186
94195
94216
94222
94243
94246
94257
94267
94293
94294
94312
94372
94407
94408
94411
94442
94473
94474
94491
94492
94495
94501
94508
94516
94532
94538
94567
94585
94591
94592
94593
94594
94606
94616
94617
94618
94623
94624
94663
94678
94701
94711
94748
94761
94762
94768
94778
94813
94816
94861
94876
94881
94882
94918
94936
94971
94972
94981
94987
94988
95001
95011
95023
95041
95044
95047
95065
95096
95103
95125
95137
95155
95162
95167
95168
95181
95197
95223
95252
95296
95306
95307
95308
95313
95332
95362
95397
95398
95422
95434
95463
95476
95481
95491
95516
95547
95552
95553
95572
95593
95618
95623
95638
95643
95671
95672
95673
95686
95695
95751
95752
95767
95768
95806
95827
95833
95866
95878
95896
95902
95908
95938
95962
95967
95968
95972
96003
96027
96028
96034
96046
96055
96076
96087
96091
96092
96112
96127
96146
96171
96175
96176
96182
96217
96218
96241
96244
96256
96283
96295
96296
96307
96313
96325
96343
96351
96357
96358
96364
96373
96388
96391
96412
96427
96428
96436
96463
96477
96518
96532
96541
96548
96561
96562
96567
96568
96583
96592
96597
96598
96604
96608
96622
96625
96673
96676
96682
96687
96688
96741
96742
96751
96752
96776
96793
96808
96817
96871
96874
96891
96895
96896
96897
96904
96916
96925
96926
96946
96955
96961
96962
96981
96982
97023
97024
97066
97077
97078
97141
97142
97143
97144
97183
97191
97192
97238
97246
97267
97268
97287
97288
97297
97312
97315
97321
97322
97345
97348
97354
97357
97436
97456
97471
97472
97483
97491
97492
97513
97516
97521
97533
97534
97567
97597
97598
97623
97627
97633
97675
97676
97683
97688
97693
97714
97718
97737
97738
97741
97756
97765
97792
97807
97808
97816
97876
97891
97906
97912
97924
97946
97951
97978
97981
97984
97996
98018
98023
98036
98037
98061
98062
98068
98074
98113
98127
98131
98137
98138
98151
98152
98203
98218
98233
98242
98246
98247
98248
98278
98283
98303
98304
98311
98312
98313
98337
98338
98341
98353
98398
98401
98402
98408
98414
98415
98431
98432
98446
98492
98521
98528
98557
98584
98593
98607
98608
98613
98632
98635
98656
98661
98677
98683
98726
98732
98733
98743
98751
98764
98767
98782
98788
98815
98816
98817
98821
98822
98833
98961
98983
98996
98997
99031
99058
99062
99067
99068
99073
99094
99097
99117
99127
99171
99193
99205
99226
99247
99248
99265
99271
99272
99278
99283
99304
99328
99334
99338
99361
99387
99388
99403
99421
99422
99436
99453
99454
99457
99472
99478
99481
99482
99493
99508
99513
99536
99556
99565
99573
99583
99601
99608
99621
99628
99646
99656
99668
99676
99685
99691
99741
99742
99772
99782
99783
99811
99837
99853
99856
99867
99872
99873
99886
99895
99916
99927
99951
99955
99976
99982
99985
99986
99997
100000
100024
100041
100046
100051
100052
100066
100087
100105
100123
100131
100132
100138
100173
100174
100186
100201
100208
100216
100227
100228
100238
100246
100258
100261
100288
100306
100318
100327
100336
100348
100351
100354
100383
100387
100413
100423
100431
100432
100444
100461
100462
100467
100507
100508
100525
100543
100552
100582
100587
100592
100615
100641
100642
100651
100663
100675
100726
100731
100735
100753
100756
100766
100773
100783
100807
100816
100864
100876
100882
100887
100888
100903
100915
100916
100917
100921
100922
100948
100951
100952
100972
100993
101005
101011
101053
101056
101071
101077
101086
101095
101128
101162
101168
101186
101216
101224
101227
101236
101253
101263
101271
101301
101305
101306
101312
101344
101356
101368
101372
101391
101392
101407
101427
101446
101481
101487
101511
101546
101553
101578
101623
101632
101635
101665
101666
101677
101678
101691
101698
101704
101713
101733
101734
101743
101767
101768
101776
101785
101791
101792
101811
101817
101818
101827
101845
101851
101852
101857
101875
101883
101887
101888
101901
101902
101911
101941
101944
101968
101978
102016
102055
102056
102091
102092
102093
102112
102117
102118
102142
102151
102163
102208
102223
102247
102262
102274
102302
102307
102313
102331
102352
102385
102386
102394
102400
102403
102411
102412
102457
102463
102471
102472
102477
102478
102513
102568
102571
102583
102628
102631
102632
102658
102681
102682
102688
102691
102692
102693
102698
102715
102721
102727
102736
102772
102814
102826
102838
102847
102848
102853
102862
102874
102898
102922
102932
102943
102946
102957
102958
102961
102964
102973
102987
102988
103021
103022
103041
103051
103052
103057
103072
103083
103101
103111
103126
103143
103153
103162
103186
103192
103195
103198
103203
103204
103213
103225
103261
103262
103273
103276
103287
103317
103336
103346
103351
103363
103366
103381
103396
103426
103437
103438
103468
103491
103497
103498
103503
103527
103533
103534
103537
103538
103556
103594
103611
103624
103633
103654
103671
103672
103678
103696
103717
103735
103738
103741
103742
103743
103744
103756
103771
103772
103783
103798
103807
103808
103825
103855
103864
103876
103897
103923
103924
103941
103945
103946
103953
104011
104018
104031
104056
104068
104071
104083
104101
104116
104128
104137
104162
104163
104211
104212
104241
104263
104288
104332
104336
104343
104353
104365
104395
104401
104452
104476
104497
104503
104506
104518
104563
104581
104602
104611
104612
104626
104641
104644
104731
104732
104738
104756
104757
104767
104782
104791
104812
104815
104816
104836
104847
104881
104882
104905
104908
104913
104914
104968
104976
104977
105002
105003
105004
105007
105016
105052
105057
105058
105067
105068
105081
105085
105088
105103
105121
105157
105158
105176
105187
105207
105208
105217
105218
105232
105267
105271
105283
105295
105296
105304
105333
105334
105381
105382
105387
105418
105421
105422
105427
105442
105453
105463
105471
105472
105496
105513
105538
105568
105571
105583
105596
105625
105628
105631
105712
105718
105724
105736
105748
105752
105757
105758
105778
105796
105801
105802
105836
105837
105838
105856
105873
105901
105916
105933
105934
105946
105955
105991
105992
106003
106016
106047
106048
106072
106093
106101
106111
106135
106136
106137
106138
106156
106177
106178
106192
106201
106202
106208
106228
106234
106257
106258
106327
106341
106345
106346
106387
106388
106393
106447
106461
106471
106472
106478
106496
106507
106527
106528
106562
106563
106564
106576
106588
106592
106598
106615
106676
106687
106696
106705
106706
106717
106718
106762
106767
106771
106772
106802
106803
106813
106816
106837
106838
106843
106851
106873
106882
106891
106915
107005
107013
107023
107035
107047
107108
107131
107181
107186
107191
107192
107193
107221
107233
107248
107257
107258
107266
107277
107287
107306
107313
107332
107335
107343
107362
107368
107391
107396
107397
107398
107434
107437
107443
107451
107461
107487
107488
107515
107516
107517
107518
107527
107551
107552
107553
107566
107572
107584
107607
107611
107637
107638
107648
107656
107683
107697
107703
107721
107728
107752
107782
107794
107797
107798
107803
107811
107812
107815
107833
107845
107853
107878
107917
107935
107947
107948
107986
107992
108001
108021
108026
108032
108043
108067
108073
108098
108103
108118
108124
108166
108175
108181
108182
108183
108201
108208
108235
108241
108244
108268
108277
108291
108326
108333
108351
108361
108364
108386
108411
108424
108427
108436
108448
108508
108512
108538
108572
108573
108577
108607
108616
108621
108622
108638
108656
108687
108688
108694
108722
108728
108733
108742
108753
108754
108763
108787
108788
108806
108838
108841
108847
108873
108897
108937
108938
108956
108963
108994
109006
109015
109016
109023
109033
109078
109081
109084
109093
109107
109117
109118
109153
109162
109166
109167
109183
109195
109216
109231
109246
109258
109261
109294
109315
109333
109348
109351
109352
109375
109376
109418
109426
109442
109443
109447
109448
109456
109467
109501
109502
109528
109543
109558
109568
109576
109587
109627
109636
109657
109666
109688
109696
109702
109708
109711
109712
109723
109747
109748
109753
109761
109783
109796
109827
109898
109924
109951
109957
109958
110002
110008
110041
110042
110056
110071
110072
110098
110101
110107
110113
110116
110127
110146
110155
110158
110163
110203
110206
110217
110218
110224
110247
110248
110254
110293
110326
110332
110335
110336
110342
110367
110368
110392
110401
110413
110426
110443
110455
110456
110457
110463
110464
110497
110498
110511
110512
110524
110575
110611
110612
110631
110632
110661
110662
110665
110671
110672
110673
110686
110701
110702
110727
110756
110761
110764
110787
110797
110911
110937
110944
110996
111001
111004
111007
111008
111016
111022
111051
111057
111058
111063
111082
111116
111151
111157
111171
111172
111178
111183
111208
111212
111223
111235
111238
111256
111261
111277
111291
111307
111361
111367
111368
111376
111382
111391
111392
111393
111394
111403
111421
111424
111433
111448
111463
111472
111535
111536
111556
111571
111574
111597
111603
111613
111646
111668
111673
111676
111703
111712
111728
111736
111742
111763
111787
111788
111793
111802
111808
111811
111841
111844
111861
111897
111898
111931
111932
111933
111988
111991
112003
112006
112016
112017
112071
112075
112082
112088
112106
112107
112108
112123
112186
112191
112192
112204
112225
112226
112227
112231
112256
112264
112323
112324
112333
112341
112351
112357
112383
112388
112393
112408
112414
112417
112418
112432
112456
112473
112477
112478
112526
112533
112537
112597
112598
112647
112648
112652
112666
112696
112717
112718
112732
112737
112753
112766
112767
112768
112801
112834
112855
112856
112864
112873
112906
112928
112933
112946
112957
112977
113002
113053
113065
113086
113104
113107
113137
113191
113192
113193
113194
113236
113247
113248
113257
113263
113272
113311
113317
113318
113342
113374
113395
113396
113401
113408
113422
113426
113461
113473
113493
113494
113503
113533
113545
113548
113558
113571
113572
113612
113613
113617
113626
113635
113636
113641
113653
113713
113732
113743
113746
113755
113767
113768
113788
113821
113822
113823
113845
113851
113852
113857
113858
113881
113887
113888
113901
113913
113914
113926
113935
113972
113977
113978
113986
113991
113998
114007
114032
114052
114117
114118
114175
114178
114187
114236
114237
114238
114241
114248
114262
114271
114272
114286
114292
114316
114326
114346
114357
114382
114385
114388
114412
114416
114442
114446
114481
114496
114501
114502
114507
114508
114523
114538
114541
114566
114567
114574
114583
114591
114602
114628
114651
114656
114657
114676
114687
114693
114697
114727
114733
114775
114787
114812
114831
114843
114853
114892
114943
114951
114952
114976
114986
114991
114992
115003
115006
115036
115053
115054
115084
115096
115111
115112
115113
115118
115156
115171
115186
115207
115228
115252
115263
115264
115267
115273
115281
115288
115306
115312
115347
115351
115357
115358
115371
115372
115376
115377
115383
115393
115407
115408
115417
115426
115435
115438
115447
115461
115483
115495
115501
115502
115503
115516
115573
115585
115586
115591
115606
115677
115683
115706
115707
115711
115795
115798
115802
115832
115833
115834
115886
115887
115888
115911
115916
115936
115945
115952
115953
116023
116036
116062
116068
116086
116091
116092
116096
116097
116121
116132
116133
116134
116146
116152
116161
116162
116197
116198
116221
116224
116236
116251
116252
116296
116301
116306
116307
116308
116338
116344
116377
116383
116392
116397
116407
116408
116455
116462
116473
116485
116488
116503
116516
116527
116542
116575
116576
116608
116611
116617
116618
116626
116668
116671
116672
116673
116692
116716
116728
116737
116743
116751
116757
116758
116763
116782
116785
116806
116821
116828
116836
116854
116877
116912
116971
117031
117063
117076
117085
117097
117098
117112
117128
117136
117148
117157
117187
117206
117226
117256
117262
117295
117296
117308
117313
117321
117322
117332
117356
117357
117386
117387
117398
117421
117422
117451
117463
117471
117472
117482
117526
117531
117532
117542
117556
117573
117574
117583
117596
117631
117661
117692
117716
117736
117748
117784
117801
117802
117814
117817
117847
117891
117892
117903
117904
117926
117927
117981
117982
117994
118003
118015
118018
118021
118022
118023
118024
118045
118071
118072
118097
118098
118101
118102
118108
118112
118123
118135
118138
118148
118153
118165
118186
118207
118225
118226
118231
118267
118282
118291
118303
118317
118318
118323
118324
118333
118336
118366
118375
118396
118417
118431
118432
118438
118441
118444
118466
118477
118486
118516
118526
118527
118532
118561
118562
118563
118567
118576
118647
118648
118651
118652
118666
118682
118683
118688
118714
118718
118732
118743
118753
118774
118834
118837
118867
118868
118882
118892
118893
118933
118942
118945
118951
118952
118963
119011
119012
119017
119036
119043
119077
119095
119113
119122
119127
119134
119155
119156
119164
119176
119212
119221
119241
119257
119263
119302
119312
119317
119331
119332
119337
119341
119344
119347
119383
119386
119397
119403
119413
119431
119452
119458
119467
119486
119487
119491
119494
119506
119516
119523
119541
119542
119575
119593
119607
119608
119618
119631
119648
119683
119707
119716
119725
119752
119787
119788
119824
119836
119857
119858
119863
119872
119902
119913
119932
119936
119941
119942
119956
119961
119998
120025
120026
120033
120034
120051
120052
120058
120073
120082
120111
120112
120115
120116
120127
120136
120177
120178
120187
120188
120202
120214
120256
120271
120278
120297
120322
120333
120337
120338
120352
120355
120368
120387
120388
120424
120433
120436
120446
120447
120448
120451
120452
120463
120487
120488
120501
120514
120517
120531
120541
120544
120578
120583
120591
120608
120616
120643
120664
120673
120685
120706
120723
120751
120752
120787
120788
120793
120808
120831
120844
120853
120856
120892
120895
120968
120985
120986
121036
121041
121042
121053
121078
121083
121096
121111
121112
121167
121177
121192
121201
121202
121213
121216
121221
121222
121234
121246
121273
121287
121288
121292
121293
121297
121298
121375
121376
121377
121383
121387
121405
121456
121496
121513
121521
121525
121543
121556
121557
121585
121586
121592
121612
121642
121648
121663
121707
121708
121717
121723
121773
121774
121777
121795
121798
121816
121826
121833
121837
121864
121972
121987
122013
122035
122047
122062
122071
122101
122102
122103
122104
122113
122182
122197
122215
122216
122224
122228
122236
122242
122257
122281
122287
122288
122296
122308
122312
122338
122368
122371
122372
122391
122422
122431
122446
122456
122461
122522
122523
122547
122566
122571
122572
122581
122593
122623
122632
122643
122647
122648
122656
122665
122677
122686
122707
122708
122713
122725
122755
122767
122768
122806
122812
122817
122851
122881
122882
122896
122908
122965
122974
122983
122986
122992
123021
123022
123028
123037
123051
123052
123055
123103
123106
123117
123124
123128
123166
123183
123218
123226
123231
123236
123247
123262
123273
123274
123295
123301
123313
123316
123355
123361
123362
123363
123391
123392
123412
123415
123446
123483
123484
123511
123523
123544
123561
123567
123568
123608
123638
123643
123673
123686
123687
123688
123712
123741
123748
123758
123763
123775
123796
123856
123866
123883
123897
123898
123904
123943
123957
123961
124006
124022
124048
124051
124052
124063
124078
124093
124105
124111
124141
124142
124143
124156
124161
124162
124191
124197
124204
124216
124237
124238
124252
124258
124261
124262
124273
124281
124282
124288
124324
124327
124328
124378
124381
124401
124402
124408
124416
124437
124472
124483
124546
124556
124588
124594
124603
124606
124612
124624
124636
124646
124647
124648
124687
124723
124731
124736
124756
124765
124766
124801
124807
124808
124833
124834
124855
124856
124863
124876
124891
124892
124923
124933
124945
124946
124947
124952
124953
124966
124993
124996
124999
125011
125032
125056
125065
125071
125098
125108
125126
125127
125128
125143
125161
125162
125167
125176
125227
125233
125253
125263
125266
125275
125276
125277
125283
125284
125288
125308
125317
125331
125347
125365
125368
125401
125402
125427
125431
125446
125461
125485
125521
125522
125536
125546
125547
125548
125563
125572
125581
125588
125637
125653
125701
125702
125728
125738
125746
125792
125793
125806
125815
125823
125841
125842
125848
125854
125857
125858
125871
125872
125876
125877
125907
125908
125923
125938
125942
125956
125968
125973
125974
125977
125991
126043
126051
126052
126057
126058
126061
126068
126088
126117
126124
126128
126136
126145
126163
126171
126183
126184
126187
126193
126253
126261
126262
126267
126296
126297
126298
126303
126304
126328
126332
126376
126393
126403
126416
126427
126471
126507
126508
126512
126535
126536
126561
126562
126571
126622
126625
126626
126627
126628
126656
126661
126662
126667
126668
126694
126736
126747
126778
126782
126793
126796
126817
126832
126842
126847
126848
126871
126877
126878
126883
126886
126916
126925
126926
126927
126928
126963
126991
126992
126997
127003
127042
127047
127054
127066
127076
127096
127111
127117
127118
127153
127171
127172
127173
127174
127177
127183
127195
127198
127201
127208
127213
127221
127234
127267
127298
127318
127333
127341
127352
127377
127382
127383
127388
127393
127408
127417
127418
127438
127473
127474
127496
127521
127522
127531
127552
127561
127598
127615
127618
127671
127682
127705
127706
127713
127767
127768
127783
127801
127825
127828
127891
127898
127923
127927
127928
127936
127963
127993
127999
128000
128008
128014
128026
128031
128038
128056
128066
128107
128108
128125
128126
128143
128164
128176
128181
128191
128223
128227
128228
128251
128252
128263
128276
128301
128302
128308
128332
128356
128378
128395
128416
128446
128462
128487
128503
128536
128542
128558
128566
128584
128608
128623
128636
128637
128653
128665
128671
128696
128703
128704
128727
128728
128768
128797
128806
128811
128824
128851
128866
128887
128888
128901
128906
128943
128965
128966
128977
128998
129004
129016
129028
129031
129032
129043
129103
129106
129111
129133
129152
129153
129157
129188
129201
129202
129211
129226
129235
129253
129307
129308
129321
129322
129334
129357
129358
129364
129391
129411
129412
129433
129451
129452
129463
129475
129476
129483
129487
129511
129565
129566
129567
129568
129603
129616
129621
129622
129652
129663
129664
129691
129697
129698
129715
129742
129754
129771
129772
129781
129782
129783
129823
129838
129847
129848
129868
129871
129872
129873
129874
129938
129963
129988
129991
129992
129993
129994
130006
130022
130023
130048
130058
130105
130132
130141
130148
130177
130197
130243
130281
130282
130291
130352
130357
130436
130443
130495
130496
130527
130534
130537
130551
130573
130576
130653
130671
130672
130705
130736
130747
130762
130771
130772
130791
130792
130813
130825
130826
130827
130837
130838
130846
130867
130876
130887
130897
130898
130903
130951
130952
130958
130993
130996
131038
131044
131048
131056
131073
131083
131116
131125
131132
131161
131162
131167
131173
131188
131197
131233
131258
131287
131301
131314
131323
131331
131332
131335
131336
131343
131353
131367
131368
131374
131401
131402
131458
131462
131463
131464
131503
131548
131551
131578
131584
131608
131623
131643
131653
131661
131662
131667
131668
131673
131678
131695
131696
131728
131734
131761
131791
131798
131827
131828
131842
131853
131854
131857
131875
131876
131883
131888
131896
131902
131913
131948
131961
131962
131965
131972
131986
131995
132031
132051
132063
132073
132081
132082
132091
132115
132127
132133
132147
132148
132177
132178
132196
132212
132213
132217
132291
132292
132303
132322
132332
132337
132357
132358
132368
132376
132381
132416
132424
132427
132442
132448
132451
132452
132476
132477
132478
132487
132536
132542
132592
132596
132602
132603
132643
132673
132694
132722
132723
132724
132746
132766
132805
132806
132811
132812
132823
132826
132843
132844
132898
132982
132991
132997
133018
133046
133047
133063
133066
133071
133137
133138
133141
133142
133148
133173
133191
133192
133204
133207
133234
133243
133258
133267
133288
133306
133312
133316
133324
133366
133372
133388
133411
133426
133435
133442
133465
133477
133478
133501
133502
133563
133564
133567
133591
133592
133593
133611
133612
133618
133624
133642
133647
133663
133681
133726
133753
133807
133828
133837
133838
133846
133862
133885
133897
133898
133915
133927
133953
133971
133972
134005
134011
134041
134065
134072
134083
134097
134098
134103
134104
134116
134131
134132
134143
134187
134188
134223
134258
134271
134278
134281
134296
134305
134306
134307
134308
134313
134314
134347
134361
134374
134377
134395
134404
134422
134426
134431
134451
134455
134456
134467
134476
134491
134515
134516
134522
134527
134528
134542
134548
134578
134613
134647
134648
134656
134678
134703
134737
134743
134751
134781
134782
134797
134811
134812
134817
134818
134821
134858
134863
134893
134896
134905
134956
134961
134962
134968
134977
134986
135021
135022
135027
135046
135061
135067
135073
135091
135103
135117
135133
135152
135153
135154
135157
135158
135163
135178
135187
135188
135202
135214
135231
135232
135243
135262
135307
135357
135392
135397
135416
135417
135418
135424
135451
135481
135482
135483
135502
135514
135517
135543
135544
135553
135556
135566
135572
135577
135657
135658
135691
135692
135703
135712
135747
135763
135766
135775
135776
135802
135808
135832
135843
135853
135866
135867
135868
135878
135895
135921
135943
135957
135958
135973
135985
135986
135987
135988
136063
136075
136082
136087
136088
136106
136117
136131
136141
136167
136168
136198
136208
136225
136228
136231
136232
136243
136264
136281
136282
136288
136294
136321
136341
136375
136376
136384
136414
136423
136426
136491
136507
136508
136516
136557
136588
136592
136622
136623
136624
136627
136636
136658
136671
136672
136683
136684
136687
136736
136767
136791
136797
136831
136852
136893
136923
136924
136936
136953
136966
136977
136984
137001
137002
137008
137023
137035
137041
137042
137043
137044
137062
137068
137078
137091
137092
137096
137132
137133
137134
137161
137167
137168
137187
137203
137211
137212
137221
137248
137252
137266
137271
137288
137296
137317
137336
137337
137347
137348
137366
137404
137421
137457
137463
137467
137468
137497
137498
137503
137512
137523
137524
137533
137542
137551
137581
137582
137583
137611
137626
137641
137656
137671
137672
137716
137726
137727
137728
137755
137758
137761
137762
137781
137782
137797
137806
137817
137828
137833
137842
137847
137875
137876
137893
137912
137967
137968
137986
138001
138031
138037
138051
138055
138062
138063
138121
138133
138146
138147
138172
138217
138218
138253
138256
138286
138297
138331
138343
138352
138356
138364
138392
138393
138412
138428
138441
138442
138463
138478
138513
138518
138526
138596
138607
138608
138625
138664
138667
138673
138691
138715
138716
138742
138748
138751
138752
138766
138772
138778
138783
138808
138811
138812
138832
138847
138871
138877
138895
138913
138925
138926
138955