card:9 TS
card:7 8D
card:1 2D
card:12 KS
card:8 9D
card:11 QH
card:11 QC
card:10 JH
card:7 8S
card:11 QS
card:3 4S
card:1 2H
card:3 4D
card:4 5H
card:8 9H
card:1 2S
card:5 6S
card:12 KH
card:5 6D
card:1 2C
card:5 6C
card:2 3D
card:9 TH
card:10 JD
card:6 7H
card:2 3H
card:0 AD
card:12 KC
card:0 AS
card:4 5D
card:3 4H
card:2 3S
card:3 4C
card:9 TC
card:4 5S
card:7 8C
card:10 JS
card:8 9S
card:6 7S
card:9 TD
card:5 6H
card:0 AC
card:8 9C
card:12 KD
44,KD
card:12 KS
card:12 KH
card:12 KC
card:12 KD
04,KD
