service.stateu.edu => bigone.stateu.edu
a.com =>
a.a.com => b.b.com
c.c.com =>
d.d.com => a.com
e.e.com => has.org
e.e.com => ee.ee.com
d.d.com => b.b.com
e.e.com => none.org
e.e.com => ee.com
d.d.com => a.com
e.e.com => none.org
e.e.com => has.org
e.e.com => ee.ee.com
aa.v.net => 50.mail.com
a.a.v.net => 50.mail.com
a.w.v.net => 50.mail.com
aa.v.net =>
a.a.v.net =>
a.w.v.net => 100.mail.com
small.cc => a.com
a.a.com => c.c.com
a.a.com =>
small.cc =>
small.cc => b.b.com
d.d.com => b.b.com
a.a.com => b.b.com
small.cc => a.com
d.d.com => a.com
service.stateu.edu => tiny.stateu.edu
