what: 256
m: 20 0 0 4
r[i]: 256
what: 324
m: 20 1 1 2
what: 225
m: 20 1 0 6
r[i]: 324
what: 361
m: 20 2 2 1
what: 324
m: 20 2 1 3
what: 225
m: 20 2 0 7
r[i]: 361
what: 256
m: 20 3 3 4
what: 256
m: 20 3 2 5
what: 225
m: 20 3 1 7
what: 144
m: 20 3 0 11
r[i]: 256
what: 324
m: 20 4 4 2
what: 225
m: 20 4 3 6
what: 225
m: 20 4 2 7
what: 196
m: 20 4 1 9
what: 121
m: 20 4 0 13
r[i]: 324
what: 144
m: 20 5 5 8
what: 121
m: 20 5 4 10
what: 64
m: 20 5 3 14
what: 64
m: 20 5 2 15
what: 49
m: 20 5 1 17
what: 16
m: 20 5 0 21
r[i]: 144
what: 225
m: 20 6 6 5
what: 64
m: 20 6 5 13
what: 49
m: 20 6 4 15
what: 16
m: 20 6 3 19
what: 16
m: 20 6 2 20
what: 9
m: 20 6 1 22
what: 0
m: 20 6 0 26
r[i]: 208
what: 289
m: 20 7 7 3
what: 169
m: 20 7 6 8
what: 36
m: 20 7 5 16
what: 25
m: 20 7 4 18
what: 4
m: 20 7 3 22
what: 4
m: 20 7 2 23
what: 1
m: 20 7 1 25
r[i]: 180
what: 289
m: 20 8 8 3
what: 225
m: 20 8 7 6
what: 121
m: 20 8 6 11
what: 16
m: 20 8 5 19
what: 9
m: 20 8 4 21
what: 0
m: 20 8 3 25
what: 0
m: 20 8 2 26
r[i]: 160
what: 169
m: 20 9 9 7
what: 121
m: 20 9 8 10
what: 81
m: 20 9 7 13
what: 25
m: 20 9 6 18
r[i]: 169
what: 256
m: 20 10 10 4
what: 100
m: 20 10 9 11
what: 64
m: 20 10 8 14
what: 36
m: 20 10 7 17
what: 4
m: 20 10 6 22
r[i]: 212
what: 289
m: 20 11 11 3
what: 196
m: 20 11 10 7
what: 64
m: 20 11 9 14
what: 36
m: 20 11 8 17
what: 16
m: 20 11 7 20
what: 0
m: 20 11 6 25
r[i]: 196
what: 289
m: 20 12 12 3
what: 225
m: 20 12 11 6
what: 144
m: 20 12 10 10
what: 36
m: 20 12 9 17
what: 16
m: 20 12 8 20
what: 4
m: 20 12 7 23
r[i]: 176
what: 100
m: 20 13 13 10
what: 64
m: 20 13 12 13
what: 36
m: 20 13 11 16
what: 9
m: 20 13 10 20
r[i]: 100
100
what: 676
m: 30 0 0 4
r[i]: 676
what: 784
m: 30 1 1 2
what: 625
m: 30 1 0 6
r[i]: 784
what: 841
m: 30 2 2 1
what: 784
m: 30 2 1 3
what: 625
m: 30 2 0 7
r[i]: 841
what: 676
m: 30 3 3 4
what: 676
m: 30 3 2 5
what: 625
m: 30 3 1 7
what: 484
m: 30 3 0 11
r[i]: 676
what: 784
m: 30 4 4 2
what: 625
m: 30 4 3 6
what: 625
m: 30 4 2 7
what: 576
m: 30 4 1 9
what: 441
m: 30 4 0 13
r[i]: 784
what: 484
m: 30 5 5 8
what: 441
m: 30 5 4 10
what: 324
m: 30 5 3 14
what: 324
m: 30 5 2 15
what: 289
m: 30 5 1 17
what: 196
m: 30 5 0 21
r[i]: 484
what: 625
m: 30 6 6 5
what: 324
m: 30 6 5 13
what: 289
m: 30 6 4 15
what: 196
m: 30 6 3 19
what: 196
m: 30 6 2 20
what: 169
m: 30 6 1 22
what: 100
m: 30 6 0 26
r[i]: 625
what: 729
m: 30 7 7 3
what: 529
m: 30 7 6 8
what: 256
m: 30 7 5 16
what: 225
m: 30 7 4 18
what: 144
m: 30 7 3 22
what: 144
m: 30 7 2 23
what: 121
m: 30 7 1 25
what: 64
m: 30 7 0 29
r[i]: 729
what: 729
m: 30 8 8 3
what: 625
m: 30 8 7 6
what: 441
m: 30 8 6 11
what: 196
m: 30 8 5 19
what: 169
m: 30 8 4 21
what: 100
m: 30 8 3 25
what: 100
m: 30 8 2 26
what: 81
m: 30 8 1 28
what: 36
m: 30 8 0 32
r[i]: 680
what: 529
m: 30 9 9 7
what: 441
m: 30 9 8 10
what: 361
m: 30 9 7 13
what: 225
m: 30 9 6 18
what: 64
m: 30 9 5 26
what: 49
m: 30 9 4 28
what: 16
m: 30 9 3 32
what: 16
m: 30 9 2 33
what: 9
m: 30 9 1 35
what: 0
m: 30 9 0 39
r[i]: 529
what: 676
m: 30 10 10 4
what: 400
m: 30 10 9 11
what: 324
m: 30 10 8 14
what: 256
m: 30 10 7 17
what: 144
m: 30 10 6 22
what: 25
m: 30 10 5 30
what: 16
m: 30 10 4 32
what: 1
m: 30 10 3 36
what: 1
m: 30 10 2 37
what: 0
m: 30 10 1 39
r[i]: 509
what: 729
m: 30 11 11 3
what: 576
m: 30 11 10 7
what: 324
m: 30 11 9 14
what: 256
m: 30 11 8 17
what: 196
m: 30 11 7 20
what: 100
m: 30 11 6 25
what: 9
m: 30 11 5 33
what: 4
m: 30 11 4 35
r[i]: 493
what: 729
m: 30 12 12 3
what: 625
m: 30 12 11 6
what: 484
m: 30 12 10 10
what: 256
m: 30 12 9 17
what: 196
m: 30 12 8 20
what: 144
m: 30 12 7 23
what: 64
m: 30 12 6 28
what: 1
m: 30 12 5 36
what: 0
m: 30 12 4 38
r[i]: 485
what: 400
m: 30 13 13 10
what: 324
m: 30 13 12 13
what: 256
m: 30 13 11 16
what: 169
m: 30 13 10 20
what: 49
m: 30 13 9 27
what: 25
m: 30 13 8 30
what: 9
m: 30 13 7 33
r[i]: 400
400
