Key of A
A: UP SECOND > B
A: UP THIRD > C#
A: UP FOURTH > D
A: UP FIFTH > E
A: UP SIXTH > F#
A: UP SEVENTH > G#
A: UP OCTAVE > A
A: DOWN SECOND > G#
A: DOWN THIRD > F#
A: DOWN FOURTH > E
A: DOWN FIFTH > D
A: DOWN SIXTH > C#
A: DOWN SEVENTH > B
A: UP OCTAVE > A

Key of Ab
Ab: UP SECOND > Bb
Ab: UP THIRD > C
Ab: UP FOURTH > Db
Ab: UP FIFTH > Eb
Ab: UP SIXTH > F
Ab: UP SEVENTH > G
Ab: UP OCTAVE > Ab
Ab: DOWN SECOND > G
Ab: DOWN THIRD > F
Ab: DOWN FOURTH > Eb
Ab: DOWN FIFTH > Db
Ab: DOWN SIXTH > C
Ab: DOWN SEVENTH > Bb
Ab: DOWN OCTAVE > Ab

Key of B
B: UP SECOND > C#
B: UP THIRD > D#
B: UP FOURTH > E
B: UP FIFTH > F#
B: UP SIXTH > G#
B: UP SEVENTH > A#
B: UP OCTAVE > B
B: DOWN SECOND > A#
B: DOWN THIRD > G#
B: DOWN FOURTH > F#
B: DOWN FIFTH > E
B: DOWN SIXTH > D#
B: DOWN SEVENTH > C#
B: DOWN OCTAVE > B

Key of Bb
Bb: UP SECOND > C
Bb: UP THIRD > D
Bb: UP FOURTH > Eb
Bb: UP FIFTH > F
Bb: UP SIXTH > G
Bb: UP SEVENTH > A
Bb: UP OCTAVE > Bb
Bb: DOWN SECOND > A
Bb: DOWN THIRD > G
Bb: DOWN FOURTH > F
Bb: DOWN FIFTH > Eb
Bb: DOWN SIXTH > D
Bb: DOWN SEVENTH > C
Bb: DOWN OCTAVE > Bb

Key of C
C: UP SECOND > D
C: UP THIRD > E
C: UP FOURTH > F
C: UP FIFTH > G
C: UP SIXTH > A
C: UP SEVENTH > B
C: UP OCTAVE > C
C: DOWN SECOND > B
C: DOWN THIRD > A
C: DOWN FOURTH > G
C: DOWN FIFTH > F
C: DOWN SIXTH > E
C: DOWN SEVENTH > D
C: DOWN OCTAVE > C

Key of D
D: UP SECOND > E
D: UP THIRD > F#
D: UP FOURTH > G
D: UP FIFTH > A
D: UP SIXTH > B
D: UP SEVENTH > C#
D: UP OCTAVE > D
D: DOWN SECOND > C#
D: DOWN THIRD > B
D: DOWN FOURTH > A
D: DOWN FIFTH > G
D: DOWN SIXTH > F#
D: DOWN SEVENTH > E
D: DOWN OCTAVE > D

Key of Db
Db: UP SECOND > Eb
Db: UP THIRD > F
Db: UP FOURTH > Gb
Db: UP FIFTH > Ab
Db: UP SIXTH > Bb
Db: UP SEVENTH > C
Db: UP OCTAVE > Db
Db: DOWN SECOND > C
Db: DOWN THIRD > Bb
Db: DOWN FOURTH > Ab
Db: DOWN FIFTH > Gb
Db: DOWN SIXTH > F
Db: DOWN SEVENTH > Eb
Db: DOWN OCTAVE > Db

Key of E
E: UP SECOND > F#
E: UP THIRD > G#
E: UP FOURTH > A
E: UP FIFTH > B
E: UP SIXTH > C#
E: UP SEVENTH > D#
E: UP OCTAVE > E
E: DOWN SECOND > D#
E: DOWN THIRD > C#
E: DOWN FOURTH > B
E: DOWN FIFTH > A
E: DOWN SIXTH > G#
E: DOWN SEVENTH > F#
E: DOWN OCTAVE > E

Key of Eb
Eb: UP SECOND > F
Eb: UP THIRD > G
Eb: UP FOURTH > Ab
Eb: UP FIFTH > Bb
Eb: UP SIXTH > C
Eb: UP SEVENTH > D
Eb: UP OCTAVE > Eb
Eb: DOWN SECOND > D
Eb: DOWN THIRD > C
Eb: DOWN FOURTH > Bb
Eb: DOWN FIFTH > Ab
Eb: DOWN SIXTH > G
Eb: DOWN SEVENTH > F
Eb: DOWN OCTAVE > Eb

Key of F
F: UP SECOND > G
F: UP THIRD > A
F: UP FOURTH > Bb
F: UP FIFTH > C
F: UP SIXTH > D
F: UP SEVENTH > E
F: UP OCTAVE > F
F: DOWN SECOND > E
F: DOWN THIRD > D
F: DOWN FOURTH > C
F: DOWN FIFTH > Bb
F: DOWN SIXTH > A
F: DOWN SEVENTH > G
F: DOWN OCTAVE > F

Key of G
G: UP SECOND > A
G: UP THIRD > B
G: UP FOURTH > C
G: UP FIFTH > D
G: UP SIXTH > E
G: UP SEVENTH > F#
G: UP OCTAVE > G
G: DOWN SECOND > F#
G: DOWN THIRD > E
G: DOWN FOURTH > D
G: DOWN FIFTH > C
G: DOWN SIXTH > B
G: DOWN SEVENTH > A
G: DOWN OCTAVE > G

Key of Gb
Gb: UP SECOND > Ab
Gb: UP THIRD > Bb
Gb: UP FOURTH > Cb
Gb: UP FIFTH > Db
Gb: UP SIXTH > Eb
Gb: UP SEVENTH > F
Gb: UP OCTAVE > Gb
Gb: DOWN SECOND > F
Gb: DOWN THIRD > Eb
Gb: DOWN FOURTH > Db
Gb: DOWN FIFTH > Cb
Gb: DOWN SIXTH > Bb
Gb: DOWN SEVENTH > Ab
Gb: DOWN OCTAVE > Gb

